<?xml version="1.0" encoding="UTF-8"?>
<testsuite xmlns:xsi="http://www.w3.org/2001/XMLSchema-instance" xsi:noNamespaceSchemaLocation="https://maven.apache.org/surefire/maven-surefire-plugin/xsd/surefire-test-report-3.0.xsd" version="3.0" name="com.users.usuarios.repository.UserRepositoryTest" time="11.31" tests="1" errors="0" skipped="0" failures="0">
  <properties>
[...]
</properties>
  <testcase name="obtenerUsuarioByUsernameTest" classname="com.users.usuarios.repository.UserRepositoryTest" time="0.196">
    <system-out><![CDATA[23:00:53.506 [main] INFO org.springframework.test.context.support.AnnotationConfigContextLoaderUtils -- Could not detect default configuration classes for test class [com.users.usuarios.repository.UserRepositoryTest]: UserRepositoryTest does not declare any static, non-private, non-final, nested classes annotated with @Configuration.
23:00:53.757 [main] INFO org.springframework.boot.test.context.SpringBootTestContextBootstrapper -- Found @SpringBootConfiguration com.users.usuarios.UsuariosApplication for test class com.users.usuarios.repository.UserRepositoryTest
23:00:55.844 [main] INFO org.springframework.boot.devtools.restart.RestartApplicationListener -- Restart disabled due to context in which it is running

  .   ____          _            __ _ _
 /\\ / ___'_ __ _ _(_)_ __  __ _ \ \ \ \
( ( )\___ | '_ | '_| | '_ \/ _` | \ \ \ \
 \\/  ___)| |_)| | | | | || (_| |  ) ) ) )
  '  |____| .__|_| |_|_| |_\__, | / / / /
 =========|_|==============|___/=/_/_/_/
 :: Spring Boot ::                (v3.2.4)

2024-05-02T23:00:56.559-04:00 DEBUG 912 --- [usuarios] [kground-preinit] o.h.v.i.xml.config.ValidationXmlParser   : Trying to load META-INF/validation.xml for XML based Validator configuration.
2024-05-02T23:00:56.563-04:00 DEBUG 912 --- [usuarios] [kground-preinit] o.h.v.i.xml.config.ResourceLoaderHelper  : Trying to load META-INF/validation.xml via TCCL
2024-05-02T23:00:56.567-04:00 DEBUG 912 --- [usuarios] [kground-preinit] o.h.v.i.xml.config.ResourceLoaderHelper  : Trying to load META-INF/validation.xml via Hibernate Validator's class loader
2024-05-02T23:00:56.568-04:00 DEBUG 912 --- [usuarios] [kground-preinit] o.h.v.i.xml.config.ValidationXmlParser   : No META-INF/validation.xml found. Using annotation based configuration only.
2024-05-02T23:00:56.593-04:00 DEBUG 912 --- [usuarios] [kground-preinit] o.h.v.i.e.resolver.TraversableResolvers  : Found jakarta.persistence.Persistence on classpath containing 'getPersistenceUtil'. Assuming JPA 2 environment. Trying to instantiate JPA aware TraversableResolver
2024-05-02T23:00:56.599-04:00 DEBUG 912 --- [usuarios] [kground-preinit] o.h.v.i.e.resolver.TraversableResolvers  : Instantiated JPA aware TraversableResolver of type org.hibernate.validator.internal.engine.resolver.JPATraversableResolver.
2024-05-02T23:00:56.700-04:00 DEBUG 912 --- [usuarios] [kground-preinit] .h.v.m.ResourceBundleMessageInterpolator : Loaded expression factory via original TCCL
2024-05-02T23:00:56.710-04:00  INFO 912 --- [usuarios] [           main] c.u.u.repository.UserRepositoryTest      : Starting UserRepositoryTest using Java 21.0.2 with PID 912 (started by Fatniel in D:\desarrollo_fullstack_1\EXP_2\S6\repositorio\MS_USUARIO_DIR\usuarios)
2024-05-02T23:00:56.712-04:00  INFO 912 --- [usuarios] [           main] c.u.u.repository.UserRepositoryTest      : No active profile set, falling back to 1 default profile: "default"
2024-05-02T23:00:56.713-04:00 DEBUG 912 --- [usuarios] [           main] o.s.boot.SpringApplication               : Loading source class com.users.usuarios.UsuariosApplication
2024-05-02T23:00:56.752-04:00 DEBUG 912 --- [usuarios] [           main] s.c.a.AnnotationConfigApplicationContext : Refreshing org.springframework.context.annotation.AnnotationConfigApplicationContext@355c94be
2024-05-02T23:00:56.790-04:00 DEBUG 912 --- [usuarios] [           main] o.s.b.f.s.DefaultListableBeanFactory     : Creating shared instance of singleton bean 'org.springframework.context.annotation.internalConfigurationAnnotationProcessor'
2024-05-02T23:00:56.823-04:00 DEBUG 912 --- [usuarios] [           main] o.s.b.f.s.DefaultListableBeanFactory     : Creating shared instance of singleton bean 'org.springframework.boot.autoconfigure.internalCachingMetadataReaderFactory'
2024-05-02T23:00:57.055-04:00 DEBUG 912 --- [usuarios] [kground-preinit] .i.e.ValidatorFactoryConfigurationHelper : HV000252: Using org.hibernate.validator.internal.engine.DefaultPropertyNodeNameProvider as property node name provider.
2024-05-02T23:00:57.065-04:00 DEBUG 912 --- [usuarios] [kground-preinit] .i.e.ValidatorFactoryConfigurationHelper : HV000234: Using org.hibernate.validator.messageinterpolation.ResourceBundleMessageInterpolator as ValidatorFactory-scoped message interpolator.
2024-05-02T23:00:57.065-04:00 DEBUG 912 --- [usuarios] [kground-preinit] .i.e.ValidatorFactoryConfigurationHelper : HV000234: Using org.hibernate.validator.internal.engine.resolver.JPATraversableResolver as ValidatorFactory-scoped traversable resolver.
2024-05-02T23:00:57.065-04:00 DEBUG 912 --- [usuarios] [kground-preinit] .i.e.ValidatorFactoryConfigurationHelper : HV000234: Using org.hibernate.validator.internal.util.ExecutableParameterNameProvider as ValidatorFactory-scoped parameter name provider.
2024-05-02T23:00:57.066-04:00 DEBUG 912 --- [usuarios] [kground-preinit] .i.e.ValidatorFactoryConfigurationHelper : HV000234: Using org.hibernate.validator.internal.engine.DefaultClockProvider as ValidatorFactory-scoped clock provider.
2024-05-02T23:00:57.066-04:00 DEBUG 912 --- [usuarios] [kground-preinit] .i.e.ValidatorFactoryConfigurationHelper : HV000234: Using org.hibernate.validator.internal.engine.scripting.DefaultScriptEvaluatorFactory as ValidatorFactory-scoped script evaluator factory.
2024-05-02T23:00:57.647-04:00  INFO 912 --- [usuarios] [           main] .s.d.r.c.RepositoryConfigurationDelegate : Bootstrapping Spring Data JPA repositories in DEFAULT mode.
2024-05-02T23:00:57.662-04:00 DEBUG 912 --- [usuarios] [           main] o.s.b.f.s.DefaultListableBeanFactory     : Creating shared instance of singleton bean 'org.springframework.boot.autoconfigure.AutoConfigurationPackages'
2024-05-02T23:00:57.682-04:00 DEBUG 912 --- [usuarios] [           main] o.s.b.a.AutoConfigurationPackages        : @EnableAutoConfiguration was declared on a class in the package 'com.users.usuarios'. Automatic @Repository and @Entity scanning is enabled.
2024-05-02T23:00:57.683-04:00 DEBUG 912 --- [usuarios] [           main] .s.d.r.c.RepositoryConfigurationDelegate : Scanning for JPA repositories in packages com.users.usuarios.
2024-05-02T23:00:57.708-04:00 DEBUG 912 --- [usuarios] [           main] o.s.d.r.c.RepositoryComponentProvider    : Identified candidate component class: file [D:\desarrollo_fullstack_1\EXP_2\S6\repositorio\MS_USUARIO_DIR\usuarios\target\classes\com\users\usuarios\repository\DireccionRepository.class]
2024-05-02T23:00:57.712-04:00 DEBUG 912 --- [usuarios] [           main] o.s.d.r.c.RepositoryComponentProvider    : Identified candidate component class: file [D:\desarrollo_fullstack_1\EXP_2\S6\repositorio\MS_USUARIO_DIR\usuarios\target\classes\com\users\usuarios\repository\RolRepository.class]
2024-05-02T23:00:57.712-04:00 DEBUG 912 --- [usuarios] [           main] o.s.d.r.c.RepositoryComponentProvider    : Identified candidate component class: file [D:\desarrollo_fullstack_1\EXP_2\S6\repositorio\MS_USUARIO_DIR\usuarios\target\classes\com\users\usuarios\repository\UsuarioDireccionRepository.class]
2024-05-02T23:00:57.712-04:00 DEBUG 912 --- [usuarios] [           main] o.s.d.r.c.RepositoryComponentProvider    : Identified candidate component class: file [D:\desarrollo_fullstack_1\EXP_2\S6\repositorio\MS_USUARIO_DIR\usuarios\target\classes\com\users\usuarios\repository\UsuarioRepository.class]
2024-05-02T23:00:57.713-04:00 DEBUG 912 --- [usuarios] [           main] o.s.d.r.c.RepositoryComponentProvider    : Identified candidate component class: file [D:\desarrollo_fullstack_1\EXP_2\S6\repositorio\MS_USUARIO_DIR\usuarios\target\classes\com\users\usuarios\repository\UsuarioRolRepository.class]
2024-05-02T23:00:57.815-04:00 DEBUG 912 --- [usuarios] [           main] ssPathScanningCandidateComponentProvider : Identified candidate component class: file [D:\desarrollo_fullstack_1\EXP_2\S6\repositorio\MS_USUARIO_DIR\usuarios\target\classes\com\users\usuarios\service\DireccionServiceImpl.class]
2024-05-02T23:00:57.815-04:00 DEBUG 912 --- [usuarios] [           main] ssPathScanningCandidateComponentProvider : Identified candidate component class: file [D:\desarrollo_fullstack_1\EXP_2\S6\repositorio\MS_USUARIO_DIR\usuarios\target\classes\com\users\usuarios\service\RolServiceImpl.class]
2024-05-02T23:00:57.815-04:00 DEBUG 912 --- [usuarios] [           main] ssPathScanningCandidateComponentProvider : Identified candidate component class: file [D:\desarrollo_fullstack_1\EXP_2\S6\repositorio\MS_USUARIO_DIR\usuarios\target\classes\com\users\usuarios\service\UsuarioDireccionServiceImpl.class]
2024-05-02T23:00:57.815-04:00 DEBUG 912 --- [usuarios] [           main] ssPathScanningCandidateComponentProvider : Identified candidate component class: file [D:\desarrollo_fullstack_1\EXP_2\S6\repositorio\MS_USUARIO_DIR\usuarios\target\classes\com\users\usuarios\service\UsuarioRolServiceImpl.class]
2024-05-02T23:00:57.816-04:00 DEBUG 912 --- [usuarios] [           main] ssPathScanningCandidateComponentProvider : Identified candidate component class: file [D:\desarrollo_fullstack_1\EXP_2\S6\repositorio\MS_USUARIO_DIR\usuarios\target\classes\com\users\usuarios\service\UsuarioServiceImpl.class]
2024-05-02T23:00:57.876-04:00  INFO 912 --- [usuarios] [           main] .s.d.r.c.RepositoryConfigurationDelegate : Finished Spring Data repository scanning in 188 ms. Found 5 JPA repository interfaces.
2024-05-02T23:00:57.968-04:00 DEBUG 912 --- [usuarios] [           main] o.s.b.f.s.DefaultListableBeanFactory     : Creating shared instance of singleton bean 'org.springframework.boot.test.context.ImportsContextCustomizer$ImportsCleanupPostProcessor'
2024-05-02T23:00:58.070-04:00 DEBUG 912 --- [usuarios] [           main] o.s.b.f.s.DefaultListableBeanFactory     : Creating shared instance of singleton bean 'org.springframework.boot.test.mock.mockito.MockitoPostProcessor'
2024-05-02T23:00:58.071-04:00 DEBUG 912 --- [usuarios] [           main] o.s.b.f.s.DefaultListableBeanFactory     : Creating shared instance of singleton bean 'emBeanDefinitionRegistrarPostProcessor'
2024-05-02T23:00:58.072-04:00 DEBUG 912 --- [usuarios] [           main] o.s.b.f.s.DefaultListableBeanFactory     : Creating shared instance of singleton bean 'org.springframework.boot.sql.init.dependency.DatabaseInitializationDependencyConfigurer$DependsOnDatabaseInitializationPostProcessor'
2024-05-02T23:00:58.126-04:00 DEBUG 912 --- [usuarios] [           main] o.s.b.f.s.DefaultListableBeanFactory     : Creating shared instance of singleton bean 'org.springframework.context.event.internalEventListenerProcessor'
2024-05-02T23:00:58.144-04:00 DEBUG 912 --- [usuarios] [           main] o.s.b.f.s.DefaultListableBeanFactory     : Creating shared instance of singleton bean 'org.springframework.context.event.internalEventListenerFactory'
2024-05-02T23:00:58.145-04:00 DEBUG 912 --- [usuarios] [           main] o.s.b.f.s.DefaultListableBeanFactory     : Creating shared instance of singleton bean 'org.springframework.transaction.config.internalTransactionalEventListenerFactory'
2024-05-02T23:00:58.168-04:00 DEBUG 912 --- [usuarios] [           main] o.s.b.f.s.DefaultListableBeanFactory     : Creating shared instance of singleton bean 'org.springframework.context.annotation.internalAutowiredAnnotationProcessor'
2024-05-02T23:00:58.177-04:00 DEBUG 912 --- [usuarios] [           main] o.s.b.f.s.DefaultListableBeanFactory     : Creating shared instance of singleton bean 'org.springframework.context.annotation.internalCommonAnnotationProcessor'
2024-05-02T23:00:58.182-04:00 DEBUG 912 --- [usuarios] [           main] o.s.b.f.s.DefaultListableBeanFactory     : Creating shared instance of singleton bean 'org.springframework.context.annotation.internalPersistenceAnnotationProcessor'
2024-05-02T23:00:58.183-04:00 DEBUG 912 --- [usuarios] [           main] o.s.b.f.s.DefaultListableBeanFactory     : Creating shared instance of singleton bean 'org.springframework.boot.test.mock.mockito.MockitoPostProcessor$SpyPostProcessor'
2024-05-02T23:00:58.185-04:00 DEBUG 912 --- [usuarios] [           main] o.s.b.f.s.DefaultListableBeanFactory     : Creating shared instance of singleton bean 'jdbcConnectionDetailsHikariBeanPostProcessor'
2024-05-02T23:00:58.198-04:00 DEBUG 912 --- [usuarios] [           main] o.s.b.f.s.DefaultListableBeanFactory     : Creating shared instance of singleton bean 'org.springframework.boot.context.properties.ConfigurationPropertiesBindingPostProcessor'
2024-05-02T23:00:58.199-04:00 DEBUG 912 --- [usuarios] [           main] o.s.b.f.s.DefaultListableBeanFactory     : Creating shared instance of singleton bean 'org.springframework.boot.context.internalConfigurationPropertiesBinder'
2024-05-02T23:00:58.208-04:00 DEBUG 912 --- [usuarios] [           main] o.s.b.f.s.DefaultListableBeanFactory     : Creating shared instance of singleton bean 'org.springframework.aop.config.internalAutoProxyCreator'
2024-05-02T23:00:58.254-04:00 DEBUG 912 --- [usuarios] [           main] o.s.b.f.s.DefaultListableBeanFactory     : Creating shared instance of singleton bean 'dataSourceScriptDatabaseInitializer'
2024-05-02T23:00:58.258-04:00 DEBUG 912 --- [usuarios] [           main] o.s.b.f.s.DefaultListableBeanFactory     : Creating shared instance of singleton bean 'org.springframework.boot.autoconfigure.sql.init.DataSourceInitializationConfiguration'
2024-05-02T23:00:58.288-04:00 DEBUG 912 --- [usuarios] [           main] o.s.b.f.s.DefaultListableBeanFactory     : Creating shared instance of singleton bean 'org.springframework.transaction.config.internalTransactionAdvisor'
2024-05-02T23:00:58.288-04:00 DEBUG 912 --- [usuarios] [           main] o.s.b.f.s.DefaultListableBeanFactory     : Creating shared instance of singleton bean 'org.springframework.transaction.annotation.ProxyTransactionManagementConfiguration'
2024-05-02T23:00:58.350-04:00 DEBUG 912 --- [usuarios] [           main] o.s.b.f.s.DefaultListableBeanFactory     : Creating shared instance of singleton bean 'transactionAttributeSource'
2024-05-02T23:00:58.353-04:00 DEBUG 912 --- [usuarios] [           main] o.s.b.f.s.DefaultListableBeanFactory     : Creating shared instance of singleton bean 'transactionInterceptor'
2024-05-02T23:00:58.354-04:00 DEBUG 912 --- [usuarios] [           main] o.s.b.f.s.DefaultListableBeanFactory     : Autowiring by type from bean name 'transactionInterceptor' via factory method to bean named 'transactionAttributeSource'
2024-05-02T23:00:58.404-04:00 DEBUG 912 --- [usuarios] [           main] o.s.b.f.s.DefaultListableBeanFactory     : Autowiring by type from bean name 'org.springframework.transaction.config.internalTransactionAdvisor' via factory method to bean named 'transactionAttributeSource'
2024-05-02T23:00:58.404-04:00 DEBUG 912 --- [usuarios] [           main] o.s.b.f.s.DefaultListableBeanFactory     : Autowiring by type from bean name 'org.springframework.transaction.config.internalTransactionAdvisor' via factory method to bean named 'transactionInterceptor'
2024-05-02T23:00:58.414-04:00 DEBUG 912 --- [usuarios] [           main] o.s.b.f.s.DefaultListableBeanFactory     : Creating shared instance of singleton bean 'dataSource'
2024-05-02T23:00:58.414-04:00 DEBUG 912 --- [usuarios] [           main] o.s.b.f.s.DefaultListableBeanFactory     : Creating shared instance of singleton bean 'org.springframework.boot.autoconfigure.jdbc.DataSourceConfiguration$Hikari'
2024-05-02T23:00:58.417-04:00 DEBUG 912 --- [usuarios] [           main] o.s.b.f.s.DefaultListableBeanFactory     : Creating shared instance of singleton bean 'spring.datasource-org.springframework.boot.autoconfigure.jdbc.DataSourceProperties'
2024-05-02T23:00:58.420-04:00 DEBUG 912 --- [usuarios] [           main] o.s.b.f.s.DefaultListableBeanFactory     : Creating shared instance of singleton bean 'org.springframework.boot.context.properties.BoundConfigurationProperties'
2024-05-02T23:00:58.467-04:00 DEBUG 912 --- [usuarios] [           main] o.s.b.f.s.DefaultListableBeanFactory     : Creating shared instance of singleton bean 'jdbcConnectionDetails'
2024-05-02T23:00:58.468-04:00 DEBUG 912 --- [usuarios] [           main] o.s.b.f.s.DefaultListableBeanFactory     : Creating shared instance of singleton bean 'org.springframework.boot.autoconfigure.jdbc.DataSourceAutoConfiguration$PooledDataSourceConfiguration'
2024-05-02T23:00:58.469-04:00 DEBUG 912 --- [usuarios] [           main] o.s.b.f.s.DefaultListableBeanFactory     : Autowiring by type from bean name 'jdbcConnectionDetails' via factory method to bean named 'spring.datasource-org.springframework.boot.autoconfigure.jdbc.DataSourceProperties'
2024-05-02T23:00:58.470-04:00 DEBUG 912 --- [usuarios] [           main] o.s.b.f.s.DefaultListableBeanFactory     : Autowiring by type from bean name 'dataSource' via factory method to bean named 'spring.datasource-org.springframework.boot.autoconfigure.jdbc.DataSourceProperties'
2024-05-02T23:00:58.470-04:00 DEBUG 912 --- [usuarios] [           main] o.s.b.f.s.DefaultListableBeanFactory     : Autowiring by type from bean name 'dataSource' via factory method to bean named 'jdbcConnectionDetails'
2024-05-02T23:00:58.746-04:00 DEBUG 912 --- [usuarios] [           main] o.s.b.f.s.DefaultListableBeanFactory     : Creating shared instance of singleton bean 'spring.sql.init-org.springframework.boot.autoconfigure.sql.init.SqlInitializationProperties'
2024-05-02T23:00:58.749-04:00 DEBUG 912 --- [usuarios] [           main] o.s.b.f.s.DefaultListableBeanFactory     : Autowiring by type from bean name 'dataSourceScriptDatabaseInitializer' via factory method to bean named 'dataSource'
2024-05-02T23:00:58.750-04:00 DEBUG 912 --- [usuarios] [           main] o.s.b.f.s.DefaultListableBeanFactory     : Autowiring by type from bean name 'dataSourceScriptDatabaseInitializer' via factory method to bean named 'spring.sql.init-org.springframework.boot.autoconfigure.sql.init.SqlInitializationProperties'
2024-05-02T23:00:58.760-04:00 DEBUG 912 --- [usuarios] [           main] o.s.b.f.s.DefaultListableBeanFactory     : Creating shared instance of singleton bean 'entityManagerFactory'
2024-05-02T23:00:58.761-04:00 DEBUG 912 --- [usuarios] [           main] o.s.b.f.s.DefaultListableBeanFactory     : Creating shared instance of singleton bean 'org.springframework.boot.autoconfigure.orm.jpa.HibernateJpaConfiguration'
2024-05-02T23:00:58.762-04:00 DEBUG 912 --- [usuarios] [           main] o.s.b.f.s.DefaultListableBeanFactory     : Creating shared instance of singleton bean 'spring.jpa-org.springframework.boot.autoconfigure.orm.jpa.JpaProperties'
2024-05-02T23:00:58.765-04:00 DEBUG 912 --- [usuarios] [           main] o.s.b.f.s.DefaultListableBeanFactory     : Creating shared instance of singleton bean 'spring.jpa.hibernate-org.springframework.boot.autoconfigure.orm.jpa.HibernateProperties'
2024-05-02T23:00:58.767-04:00 DEBUG 912 --- [usuarios] [           main] o.s.b.f.s.DefaultListableBeanFactory     : Autowiring by type from bean name 'org.springframework.boot.autoconfigure.orm.jpa.HibernateJpaConfiguration' via constructor to bean named 'dataSource'
2024-05-02T23:00:58.767-04:00 DEBUG 912 --- [usuarios] [           main] o.s.b.f.s.DefaultListableBeanFactory     : Autowiring by type from bean name 'org.springframework.boot.autoconfigure.orm.jpa.HibernateJpaConfiguration' via constructor to bean named 'spring.jpa-org.springframework.boot.autoconfigure.orm.jpa.JpaProperties'
2024-05-02T23:00:58.767-04:00 DEBUG 912 --- [usuarios] [           main] o.s.b.f.s.DefaultListableBeanFactory     : Autowiring by type from bean name 'org.springframework.boot.autoconfigure.orm.jpa.HibernateJpaConfiguration' via constructor to bean named 'org.springframework.beans.factory.support.DefaultListableBeanFactory@66cd621b'
2024-05-02T23:00:58.768-04:00 DEBUG 912 --- [usuarios] [           main] o.s.b.f.s.DefaultListableBeanFactory     : Autowiring by type from bean name 'org.springframework.boot.autoconfigure.orm.jpa.HibernateJpaConfiguration' via constructor to bean named 'spring.jpa.hibernate-org.springframework.boot.autoconfigure.orm.jpa.HibernateProperties'
2024-05-02T23:00:58.775-04:00 DEBUG 912 --- [usuarios] [           main] o.s.b.f.s.DefaultListableBeanFactory     : Creating shared instance of singleton bean 'hikariPoolDataSourceMetadataProvider'
2024-05-02T23:00:58.775-04:00 DEBUG 912 --- [usuarios] [           main] o.s.b.f.s.DefaultListableBeanFactory     : Creating shared instance of singleton bean 'org.springframework.boot.autoconfigure.jdbc.metadata.DataSourcePoolMetadataProvidersConfiguration$HikariPoolDataSourceMetadataProviderConfiguration'
2024-05-02T23:00:58.788-04:00 DEBUG 912 --- [usuarios] [           main] o.s.b.f.s.DefaultListableBeanFactory     : Creating shared instance of singleton bean 'entityManagerFactoryBuilder'
2024-05-02T23:00:58.789-04:00 DEBUG 912 --- [usuarios] [           main] o.s.b.f.s.DefaultListableBeanFactory     : Creating shared instance of singleton bean 'jpaVendorAdapter'
2024-05-02T23:00:58.827-04:00 DEBUG 912 --- [usuarios] [           main] o.s.b.f.s.DefaultListableBeanFactory     : Autowiring by type from bean name 'entityManagerFactoryBuilder' via factory method to bean named 'jpaVendorAdapter'
2024-05-02T23:00:58.833-04:00 DEBUG 912 --- [usuarios] [           main] o.s.b.f.s.DefaultListableBeanFactory     : Creating shared instance of singleton bean 'persistenceManagedTypes'
2024-05-02T23:00:58.834-04:00 DEBUG 912 --- [usuarios] [           main] o.s.b.f.s.DefaultListableBeanFactory     : Autowiring by type from bean name 'persistenceManagedTypes' via factory method to bean named 'org.springframework.beans.factory.support.DefaultListableBeanFactory@66cd621b'
2024-05-02T23:00:58.835-04:00 DEBUG 912 --- [usuarios] [           main] o.s.b.f.s.DefaultListableBeanFactory     : Autowiring by type from bean name 'persistenceManagedTypes' via factory method to bean named 'org.springframework.context.annotation.AnnotationConfigApplicationContext@355c94be'
2024-05-02T23:00:58.850-04:00 DEBUG 912 --- [usuarios] [           main] o.s.b.f.s.DefaultListableBeanFactory     : Autowiring by type from bean name 'entityManagerFactory' via factory method to bean named 'entityManagerFactoryBuilder'
2024-05-02T23:00:58.851-04:00 DEBUG 912 --- [usuarios] [           main] o.s.b.f.s.DefaultListableBeanFactory     : Autowiring by type from bean name 'entityManagerFactory' via factory method to bean named 'persistenceManagedTypes'
2024-05-02T23:00:58.898-04:00 DEBUG 912 --- [usuarios] [           main] j.LocalContainerEntityManagerFactoryBean : Building JPA container EntityManagerFactory for persistence unit 'default'
2024-05-02T23:00:58.920-04:00 DEBUG 912 --- [usuarios] [           main] o.hibernate.jpa.internal.util.LogHelper  : PersistenceUnitInfo [
	name: default
	persistence provider classname: null
	classloader: jdk.internal.loader.ClassLoaders$AppClassLoader@70dea4e
	excludeUnlistedClasses: true
	JTA datasource: null
	Non JTA datasource: HikariDataSource (null)
	Transaction type: RESOURCE_LOCAL
	PU root URL: file:/D:/desarrollo_fullstack_1/EXP_2/S6/repositorio/MS_USUARIO_DIR/usuarios/target/test-classes/
	Shared Cache Mode: UNSPECIFIED
	Validation Mode: AUTO
	Jar files URLs []
	Managed classes names [
		com.users.usuarios.model.Direccion
		com.users.usuarios.model.Rol
		com.users.usuarios.model.Usuario
		com.users.usuarios.model.UsuarioDireccion
		com.users.usuarios.model.UsuarioRol]
	Mapping files names []
	Properties []
2024-05-02T23:00:58.949-04:00 DEBUG 912 --- [usuarios] [           main] o.h.i.internal.IntegratorServiceImpl     : Adding Integrator [org.hibernate.boot.beanvalidation.BeanValidationIntegrator].
2024-05-02T23:00:58.951-04:00 DEBUG 912 --- [usuarios] [           main] o.h.i.internal.IntegratorServiceImpl     : Adding Integrator [org.hibernate.cache.internal.CollectionCacheInvalidator].
2024-05-02T23:00:59.063-04:00  INFO 912 --- [usuarios] [           main] org.hibernate.Version                    : HHH000412: Hibernate ORM core version 6.4.4.Final
2024-05-02T23:00:59.065-04:00 DEBUG 912 --- [usuarios] [           main] org.hibernate.cfg.Environment            : HHH000206: 'hibernate.properties' not found
2024-05-02T23:00:59.099-04:00 DEBUG 912 --- [usuarios] [           main] org.hibernate.orm.idgen.factory          : Registering IdentifierGenerator strategy [uuid2] -> [org.hibernate.id.UUIDGenerator]
2024-05-02T23:00:59.100-04:00 DEBUG 912 --- [usuarios] [           main] org.hibernate.orm.idgen.factory          : Registering IdentifierGenerator strategy [guid] -> [org.hibernate.id.GUIDGenerator]
2024-05-02T23:00:59.101-04:00 DEBUG 912 --- [usuarios] [           main] org.hibernate.orm.idgen.factory          : Registering IdentifierGenerator strategy [uuid] -> [org.hibernate.id.UUIDHexGenerator]
2024-05-02T23:00:59.101-04:00 DEBUG 912 --- [usuarios] [           main] org.hibernate.orm.idgen.factory          : Registering IdentifierGenerator strategy [uuid.hex] -> [org.hibernate.id.UUIDHexGenerator]
2024-05-02T23:00:59.102-04:00 DEBUG 912 --- [usuarios] [           main] org.hibernate.orm.idgen.factory          : Registering IdentifierGenerator strategy [assigned] -> [org.hibernate.id.Assigned]
2024-05-02T23:00:59.103-04:00 DEBUG 912 --- [usuarios] [           main] org.hibernate.orm.idgen.factory          : Registering IdentifierGenerator strategy [identity] -> [org.hibernate.id.IdentityGenerator]
2024-05-02T23:00:59.104-04:00 DEBUG 912 --- [usuarios] [           main] org.hibernate.orm.idgen.factory          : Registering IdentifierGenerator strategy [select] -> [org.hibernate.id.SelectGenerator]
2024-05-02T23:00:59.106-04:00 DEBUG 912 --- [usuarios] [           main] org.hibernate.orm.idgen.factory          : Registering IdentifierGenerator strategy [sequence] -> [org.hibernate.id.enhanced.SequenceStyleGenerator]
2024-05-02T23:00:59.108-04:00 DEBUG 912 --- [usuarios] [           main] org.hibernate.orm.idgen.factory          : Registering IdentifierGenerator strategy [increment] -> [org.hibernate.id.IncrementGenerator]
2024-05-02T23:00:59.109-04:00 DEBUG 912 --- [usuarios] [           main] org.hibernate.orm.idgen.factory          : Registering IdentifierGenerator strategy [foreign] -> [org.hibernate.id.ForeignGenerator]
2024-05-02T23:00:59.109-04:00 DEBUG 912 --- [usuarios] [           main] org.hibernate.orm.idgen.factory          : Registering IdentifierGenerator strategy [enhanced-sequence] -> [org.hibernate.id.enhanced.SequenceStyleGenerator]
2024-05-02T23:00:59.110-04:00 DEBUG 912 --- [usuarios] [           main] org.hibernate.orm.idgen.factory          : Registering IdentifierGenerator strategy [enhanced-table] -> [org.hibernate.id.enhanced.TableGenerator]
2024-05-02T23:00:59.120-04:00 DEBUG 912 --- [usuarios] [           main] o.h.c.internal.RegionFactoryInitiator    : Cannot default RegionFactory based on registered strategies as `[]` RegionFactory strategies were registered
2024-05-02T23:00:59.121-04:00  INFO 912 --- [usuarios] [           main] o.h.c.internal.RegionFactoryInitiator    : HHH000026: Second-level cache disabled
2024-05-02T23:00:59.239-04:00 DEBUG 912 --- [usuarios] [           main] org.hibernate.type.BasicTypeRegistry     : Adding type registration boolean -> org.hibernate.type.BasicTypeReference@74ce7fdf
2024-05-02T23:00:59.239-04:00 DEBUG 912 --- [usuarios] [           main] org.hibernate.type.BasicTypeRegistry     : Adding type registration boolean -> org.hibernate.type.BasicTypeReference@74ce7fdf
2024-05-02T23:00:59.239-04:00 DEBUG 912 --- [usuarios] [           main] org.hibernate.type.BasicTypeRegistry     : Adding type registration java.lang.Boolean -> org.hibernate.type.BasicTypeReference@74ce7fdf
2024-05-02T23:00:59.240-04:00 DEBUG 912 --- [usuarios] [           main] org.hibernate.type.BasicTypeRegistry     : Adding type registration numeric_boolean -> org.hibernate.type.BasicTypeReference@1f26b992
2024-05-02T23:00:59.240-04:00 DEBUG 912 --- [usuarios] [           main] org.hibernate.type.BasicTypeRegistry     : Adding type registration org.hibernate.type.NumericBooleanConverter -> org.hibernate.type.BasicTypeReference@1f26b992
2024-05-02T23:00:59.240-04:00 DEBUG 912 --- [usuarios] [           main] org.hibernate.type.BasicTypeRegistry     : Adding type registration true_false -> org.hibernate.type.BasicTypeReference@2f60cbf2
2024-05-02T23:00:59.240-04:00 DEBUG 912 --- [usuarios] [           main] org.hibernate.type.BasicTypeRegistry     : Adding type registration org.hibernate.type.TrueFalseConverter -> org.hibernate.type.BasicTypeReference@2f60cbf2
2024-05-02T23:00:59.240-04:00 DEBUG 912 --- [usuarios] [           main] org.hibernate.type.BasicTypeRegistry     : Adding type registration yes_no -> org.hibernate.type.BasicTypeReference@631bc9f4
2024-05-02T23:00:59.240-04:00 DEBUG 912 --- [usuarios] [           main] org.hibernate.type.BasicTypeRegistry     : Adding type registration org.hibernate.type.YesNoConverter -> org.hibernate.type.BasicTypeReference@631bc9f4
2024-05-02T23:00:59.240-04:00 DEBUG 912 --- [usuarios] [           main] org.hibernate.type.BasicTypeRegistry     : Adding type registration byte -> org.hibernate.type.BasicTypeReference@642c72cf
2024-05-02T23:00:59.240-04:00 DEBUG 912 --- [usuarios] [           main] org.hibernate.type.BasicTypeRegistry     : Adding type registration byte -> org.hibernate.type.BasicTypeReference@642c72cf
2024-05-02T23:00:59.240-04:00 DEBUG 912 --- [usuarios] [           main] org.hibernate.type.BasicTypeRegistry     : Adding type registration java.lang.Byte -> org.hibernate.type.BasicTypeReference@642c72cf
2024-05-02T23:00:59.241-04:00 DEBUG 912 --- [usuarios] [           main] org.hibernate.type.BasicTypeRegistry     : Adding type registration binary -> org.hibernate.type.BasicTypeReference@4e6cbdf1
2024-05-02T23:00:59.241-04:00 DEBUG 912 --- [usuarios] [           main] org.hibernate.type.BasicTypeRegistry     : Adding type registration byte[] -> org.hibernate.type.BasicTypeReference@4e6cbdf1
2024-05-02T23:00:59.241-04:00 DEBUG 912 --- [usuarios] [           main] org.hibernate.type.BasicTypeRegistry     : Adding type registration [B -> org.hibernate.type.BasicTypeReference@4e6cbdf1
2024-05-02T23:00:59.241-04:00 DEBUG 912 --- [usuarios] [           main] org.hibernate.type.BasicTypeRegistry     : Adding type registration binary_wrapper -> org.hibernate.type.BasicTypeReference@67fac095
2024-05-02T23:00:59.241-04:00 DEBUG 912 --- [usuarios] [           main] org.hibernate.type.BasicTypeRegistry     : Adding type registration wrapper-binary -> org.hibernate.type.BasicTypeReference@67fac095
2024-05-02T23:00:59.242-04:00 DEBUG 912 --- [usuarios] [           main] org.hibernate.type.BasicTypeRegistry     : Adding type registration image -> org.hibernate.type.BasicTypeReference@5a13f1f7
2024-05-02T23:00:59.242-04:00 DEBUG 912 --- [usuarios] [           main] org.hibernate.type.BasicTypeRegistry     : Adding type registration blob -> org.hibernate.type.BasicTypeReference@5dae5a70
2024-05-02T23:00:59.242-04:00 DEBUG 912 --- [usuarios] [           main] org.hibernate.type.BasicTypeRegistry     : Adding type registration java.sql.Blob -> org.hibernate.type.BasicTypeReference@5dae5a70
2024-05-02T23:00:59.242-04:00 DEBUG 912 --- [usuarios] [           main] org.hibernate.type.BasicTypeRegistry     : Adding type registration materialized_blob -> org.hibernate.type.BasicTypeReference@7686f701
2024-05-02T23:00:59.242-04:00 DEBUG 912 --- [usuarios] [           main] org.hibernate.type.BasicTypeRegistry     : Adding type registration materialized_blob_wrapper -> org.hibernate.type.BasicTypeReference@47c96f2c
2024-05-02T23:00:59.242-04:00 DEBUG 912 --- [usuarios] [           main] org.hibernate.type.BasicTypeRegistry     : Adding type registration short -> org.hibernate.type.BasicTypeReference@210a26b
2024-05-02T23:00:59.242-04:00 DEBUG 912 --- [usuarios] [           main] org.hibernate.type.BasicTypeRegistry     : Adding type registration short -> org.hibernate.type.BasicTypeReference@210a26b
2024-05-02T23:00:59.242-04:00 DEBUG 912 --- [usuarios] [           main] org.hibernate.type.BasicTypeRegistry     : Adding type registration java.lang.Short -> org.hibernate.type.BasicTypeReference@210a26b
2024-05-02T23:00:59.242-04:00 DEBUG 912 --- [usuarios] [           main] org.hibernate.type.BasicTypeRegistry     : Adding type registration integer -> org.hibernate.type.BasicTypeReference@2dc21583
2024-05-02T23:00:59.242-04:00 DEBUG 912 --- [usuarios] [           main] org.hibernate.type.BasicTypeRegistry     : Adding type registration int -> org.hibernate.type.BasicTypeReference@2dc21583
2024-05-02T23:00:59.242-04:00 DEBUG 912 --- [usuarios] [           main] org.hibernate.type.BasicTypeRegistry     : Adding type registration java.lang.Integer -> org.hibernate.type.BasicTypeReference@2dc21583
2024-05-02T23:00:59.243-04:00 DEBUG 912 --- [usuarios] [           main] org.hibernate.type.BasicTypeRegistry     : Adding type registration long -> org.hibernate.type.BasicTypeReference@6cbdd1c5
2024-05-02T23:00:59.243-04:00 DEBUG 912 --- [usuarios] [           main] org.hibernate.type.BasicTypeRegistry     : Adding type registration long -> org.hibernate.type.BasicTypeReference@6cbdd1c5
2024-05-02T23:00:59.243-04:00 DEBUG 912 --- [usuarios] [           main] org.hibernate.type.BasicTypeRegistry     : Adding type registration java.lang.Long -> org.hibernate.type.BasicTypeReference@6cbdd1c5
2024-05-02T23:00:59.243-04:00 DEBUG 912 --- [usuarios] [           main] org.hibernate.type.BasicTypeRegistry     : Adding type registration float -> org.hibernate.type.BasicTypeReference@60816371
2024-05-02T23:00:59.243-04:00 DEBUG 912 --- [usuarios] [           main] org.hibernate.type.BasicTypeRegistry     : Adding type registration float -> org.hibernate.type.BasicTypeReference@60816371
2024-05-02T23:00:59.243-04:00 DEBUG 912 --- [usuarios] [           main] org.hibernate.type.BasicTypeRegistry     : Adding type registration java.lang.Float -> org.hibernate.type.BasicTypeReference@60816371
2024-05-02T23:00:59.243-04:00 DEBUG 912 --- [usuarios] [           main] org.hibernate.type.BasicTypeRegistry     : Adding type registration double -> org.hibernate.type.BasicTypeReference@678586f0
2024-05-02T23:00:59.243-04:00 DEBUG 912 --- [usuarios] [           main] org.hibernate.type.BasicTypeRegistry     : Adding type registration double -> org.hibernate.type.BasicTypeReference@678586f0
2024-05-02T23:00:59.243-04:00 DEBUG 912 --- [usuarios] [           main] org.hibernate.type.BasicTypeRegistry     : Adding type registration java.lang.Double -> org.hibernate.type.BasicTypeReference@678586f0
2024-05-02T23:00:59.243-04:00 DEBUG 912 --- [usuarios] [           main] org.hibernate.type.BasicTypeRegistry     : Adding type registration big_integer -> org.hibernate.type.BasicTypeReference@5ad6f98e
2024-05-02T23:00:59.243-04:00 DEBUG 912 --- [usuarios] [           main] org.hibernate.type.BasicTypeRegistry     : Adding type registration java.math.BigInteger -> org.hibernate.type.BasicTypeReference@5ad6f98e
2024-05-02T23:00:59.243-04:00 DEBUG 912 --- [usuarios] [           main] org.hibernate.type.BasicTypeRegistry     : Adding type registration big_decimal -> org.hibernate.type.BasicTypeReference@586728e8
2024-05-02T23:00:59.243-04:00 DEBUG 912 --- [usuarios] [           main] org.hibernate.type.BasicTypeRegistry     : Adding type registration java.math.BigDecimal -> org.hibernate.type.BasicTypeReference@586728e8
2024-05-02T23:00:59.244-04:00 DEBUG 912 --- [usuarios] [           main] org.hibernate.type.BasicTypeRegistry     : Adding type registration character -> org.hibernate.type.BasicTypeReference@3316527e
2024-05-02T23:00:59.244-04:00 DEBUG 912 --- [usuarios] [           main] org.hibernate.type.BasicTypeRegistry     : Adding type registration char -> org.hibernate.type.BasicTypeReference@3316527e
2024-05-02T23:00:59.244-04:00 DEBUG 912 --- [usuarios] [           main] org.hibernate.type.BasicTypeRegistry     : Adding type registration java.lang.Character -> org.hibernate.type.BasicTypeReference@3316527e
2024-05-02T23:00:59.244-04:00 DEBUG 912 --- [usuarios] [           main] org.hibernate.type.BasicTypeRegistry     : Adding type registration character_nchar -> org.hibernate.type.BasicTypeReference@786ff0ea
2024-05-02T23:00:59.244-04:00 DEBUG 912 --- [usuarios] [           main] org.hibernate.type.BasicTypeRegistry     : Adding type registration string -> org.hibernate.type.BasicTypeReference@15186ce0
2024-05-02T23:00:59.244-04:00 DEBUG 912 --- [usuarios] [           main] org.hibernate.type.BasicTypeRegistry     : Adding type registration java.lang.String -> org.hibernate.type.BasicTypeReference@15186ce0
2024-05-02T23:00:59.244-04:00 DEBUG 912 --- [usuarios] [           main] org.hibernate.type.BasicTypeRegistry     : Adding type registration nstring -> org.hibernate.type.BasicTypeReference@745926c3
2024-05-02T23:00:59.244-04:00 DEBUG 912 --- [usuarios] [           main] org.hibernate.type.BasicTypeRegistry     : Adding type registration characters -> org.hibernate.type.BasicTypeReference@75dd0f94
2024-05-02T23:00:59.244-04:00 DEBUG 912 --- [usuarios] [           main] org.hibernate.type.BasicTypeRegistry     : Adding type registration char[] -> org.hibernate.type.BasicTypeReference@75dd0f94
2024-05-02T23:00:59.244-04:00 DEBUG 912 --- [usuarios] [           main] org.hibernate.type.BasicTypeRegistry     : Adding type registration [C -> org.hibernate.type.BasicTypeReference@75dd0f94
2024-05-02T23:00:59.244-04:00 DEBUG 912 --- [usuarios] [           main] org.hibernate.type.BasicTypeRegistry     : Adding type registration wrapper-characters -> org.hibernate.type.BasicTypeReference@72324965
2024-05-02T23:00:59.244-04:00 DEBUG 912 --- [usuarios] [           main] org.hibernate.type.BasicTypeRegistry     : Adding type registration text -> org.hibernate.type.BasicTypeReference@249b54af
2024-05-02T23:00:59.244-04:00 DEBUG 912 --- [usuarios] [           main] org.hibernate.type.BasicTypeRegistry     : Adding type registration ntext -> org.hibernate.type.BasicTypeReference@194911c1
2024-05-02T23:00:59.245-04:00 DEBUG 912 --- [usuarios] [           main] org.hibernate.type.BasicTypeRegistry     : Adding type registration clob -> org.hibernate.type.BasicTypeReference@4751cd3
2024-05-02T23:00:59.245-04:00 DEBUG 912 --- [usuarios] [           main] org.hibernate.type.BasicTypeRegistry     : Adding type registration java.sql.Clob -> org.hibernate.type.BasicTypeReference@4751cd3
2024-05-02T23:00:59.245-04:00 DEBUG 912 --- [usuarios] [           main] org.hibernate.type.BasicTypeRegistry     : Adding type registration nclob -> org.hibernate.type.BasicTypeReference@64ec1459
2024-05-02T23:00:59.245-04:00 DEBUG 912 --- [usuarios] [           main] org.hibernate.type.BasicTypeRegistry     : Adding type registration java.sql.NClob -> org.hibernate.type.BasicTypeReference@64ec1459
2024-05-02T23:00:59.245-04:00 DEBUG 912 --- [usuarios] [           main] org.hibernate.type.BasicTypeRegistry     : Adding type registration materialized_clob -> org.hibernate.type.BasicTypeReference@1aac0a47
2024-05-02T23:00:59.245-04:00 DEBUG 912 --- [usuarios] [           main] org.hibernate.type.BasicTypeRegistry     : Adding type registration materialized_clob_char_array -> org.hibernate.type.BasicTypeReference@4b3ad7ca
2024-05-02T23:00:59.245-04:00 DEBUG 912 --- [usuarios] [           main] org.hibernate.type.BasicTypeRegistry     : Adding type registration materialized_clob_character_array -> org.hibernate.type.BasicTypeReference@6785c9fa
2024-05-02T23:00:59.245-04:00 DEBUG 912 --- [usuarios] [           main] org.hibernate.type.BasicTypeRegistry     : Adding type registration materialized_nclob -> org.hibernate.type.BasicTypeReference@63cf578f
2024-05-02T23:00:59.245-04:00 DEBUG 912 --- [usuarios] [           main] org.hibernate.type.BasicTypeRegistry     : Adding type registration materialized_nclob_character_array -> org.hibernate.type.BasicTypeReference@194b9783
2024-05-02T23:00:59.245-04:00 DEBUG 912 --- [usuarios] [           main] org.hibernate.type.BasicTypeRegistry     : Adding type registration materialized_nclob_char_array -> org.hibernate.type.BasicTypeReference@45297e7
2024-05-02T23:00:59.245-04:00 DEBUG 912 --- [usuarios] [           main] org.hibernate.type.BasicTypeRegistry     : Adding type registration Duration -> org.hibernate.type.BasicTypeReference@4dd1548e
2024-05-02T23:00:59.245-04:00 DEBUG 912 --- [usuarios] [           main] org.hibernate.type.BasicTypeRegistry     : Adding type registration java.time.Duration -> org.hibernate.type.BasicTypeReference@4dd1548e
2024-05-02T23:00:59.245-04:00 DEBUG 912 --- [usuarios] [           main] org.hibernate.type.BasicTypeRegistry     : Adding type registration LocalDateTime -> org.hibernate.type.BasicTypeReference@54bb1194
2024-05-02T23:00:59.246-04:00 DEBUG 912 --- [usuarios] [           main] org.hibernate.type.BasicTypeRegistry     : Adding type registration java.time.LocalDateTime -> org.hibernate.type.BasicTypeReference@54bb1194
2024-05-02T23:00:59.246-04:00 DEBUG 912 --- [usuarios] [           main] org.hibernate.type.BasicTypeRegistry     : Adding type registration LocalDate -> org.hibernate.type.BasicTypeReference@1109730f
2024-05-02T23:00:59.246-04:00 DEBUG 912 --- [usuarios] [           main] org.hibernate.type.BasicTypeRegistry     : Adding type registration java.time.LocalDate -> org.hibernate.type.BasicTypeReference@1109730f
2024-05-02T23:00:59.246-04:00 DEBUG 912 --- [usuarios] [           main] org.hibernate.type.BasicTypeRegistry     : Adding type registration LocalTime -> org.hibernate.type.BasicTypeReference@1f42366
2024-05-02T23:00:59.246-04:00 DEBUG 912 --- [usuarios] [           main] org.hibernate.type.BasicTypeRegistry     : Adding type registration java.time.LocalTime -> org.hibernate.type.BasicTypeReference@1f42366
2024-05-02T23:00:59.246-04:00 DEBUG 912 --- [usuarios] [           main] org.hibernate.type.BasicTypeRegistry     : Adding type registration OffsetDateTime -> org.hibernate.type.BasicTypeReference@46c662f2
2024-05-02T23:00:59.246-04:00 DEBUG 912 --- [usuarios] [           main] org.hibernate.type.BasicTypeRegistry     : Adding type registration java.time.OffsetDateTime -> org.hibernate.type.BasicTypeReference@46c662f2
2024-05-02T23:00:59.246-04:00 DEBUG 912 --- [usuarios] [           main] org.hibernate.type.BasicTypeRegistry     : Adding type registration OffsetDateTimeWithTimezone -> org.hibernate.type.BasicTypeReference@4afdfc0f
2024-05-02T23:00:59.246-04:00 DEBUG 912 --- [usuarios] [           main] org.hibernate.type.BasicTypeRegistry     : Adding type registration OffsetDateTimeWithoutTimezone -> org.hibernate.type.BasicTypeReference@10b67f54
2024-05-02T23:00:59.246-04:00 DEBUG 912 --- [usuarios] [           main] org.hibernate.type.BasicTypeRegistry     : Adding type registration OffsetTime -> org.hibernate.type.BasicTypeReference@30798137
2024-05-02T23:00:59.247-04:00 DEBUG 912 --- [usuarios] [           main] org.hibernate.type.BasicTypeRegistry     : Adding type registration java.time.OffsetTime -> org.hibernate.type.BasicTypeReference@30798137
2024-05-02T23:00:59.247-04:00 DEBUG 912 --- [usuarios] [           main] org.hibernate.type.BasicTypeRegistry     : Adding type registration OffsetTimeUtc -> org.hibernate.type.BasicTypeReference@455da438
2024-05-02T23:00:59.247-04:00 DEBUG 912 --- [usuarios] [           main] org.hibernate.type.BasicTypeRegistry     : Adding type registration OffsetTimeWithTimezone -> org.hibernate.type.BasicTypeReference@60652518
2024-05-02T23:00:59.247-04:00 DEBUG 912 --- [usuarios] [           main] org.hibernate.type.BasicTypeRegistry     : Adding type registration OffsetTimeWithoutTimezone -> org.hibernate.type.BasicTypeReference@438aaa9f
2024-05-02T23:00:59.247-04:00 DEBUG 912 --- [usuarios] [           main] org.hibernate.type.BasicTypeRegistry     : Adding type registration ZonedDateTime -> org.hibernate.type.BasicTypeReference@3f06ebe0
2024-05-02T23:00:59.247-04:00 DEBUG 912 --- [usuarios] [           main] org.hibernate.type.BasicTypeRegistry     : Adding type registration java.time.ZonedDateTime -> org.hibernate.type.BasicTypeReference@3f06ebe0
2024-05-02T23:00:59.247-04:00 DEBUG 912 --- [usuarios] [           main] org.hibernate.type.BasicTypeRegistry     : Adding type registration ZonedDateTimeWithTimezone -> org.hibernate.type.BasicTypeReference@1752e45c
2024-05-02T23:00:59.247-04:00 DEBUG 912 --- [usuarios] [           main] org.hibernate.type.BasicTypeRegistry     : Adding type registration ZonedDateTimeWithoutTimezone -> org.hibernate.type.BasicTypeReference@5ed65e4b
2024-05-02T23:00:59.247-04:00 DEBUG 912 --- [usuarios] [           main] org.hibernate.type.BasicTypeRegistry     : Adding type registration date -> org.hibernate.type.BasicTypeReference@481ed95c
2024-05-02T23:00:59.247-04:00 DEBUG 912 --- [usuarios] [           main] org.hibernate.type.BasicTypeRegistry     : Adding type registration java.sql.Date -> org.hibernate.type.BasicTypeReference@481ed95c
2024-05-02T23:00:59.247-04:00 DEBUG 912 --- [usuarios] [           main] org.hibernate.type.BasicTypeRegistry     : Adding type registration time -> org.hibernate.type.BasicTypeReference@40cf6254
2024-05-02T23:00:59.247-04:00 DEBUG 912 --- [usuarios] [           main] org.hibernate.type.BasicTypeRegistry     : Adding type registration java.sql.Time -> org.hibernate.type.BasicTypeReference@40cf6254
2024-05-02T23:00:59.247-04:00 DEBUG 912 --- [usuarios] [           main] org.hibernate.type.BasicTypeRegistry     : Adding type registration timestamp -> org.hibernate.type.BasicTypeReference@40bf0e15
2024-05-02T23:00:59.247-04:00 DEBUG 912 --- [usuarios] [           main] org.hibernate.type.BasicTypeRegistry     : Adding type registration java.sql.Timestamp -> org.hibernate.type.BasicTypeReference@40bf0e15
2024-05-02T23:00:59.248-04:00 DEBUG 912 --- [usuarios] [           main] org.hibernate.type.BasicTypeRegistry     : Adding type registration java.util.Date -> org.hibernate.type.BasicTypeReference@40bf0e15
2024-05-02T23:00:59.248-04:00 DEBUG 912 --- [usuarios] [           main] org.hibernate.type.BasicTypeRegistry     : Adding type registration calendar -> org.hibernate.type.BasicTypeReference@2c77344f
2024-05-02T23:00:59.248-04:00 DEBUG 912 --- [usuarios] [           main] org.hibernate.type.BasicTypeRegistry     : Adding type registration java.util.Calendar -> org.hibernate.type.BasicTypeReference@2c77344f
2024-05-02T23:00:59.248-04:00 DEBUG 912 --- [usuarios] [           main] org.hibernate.type.BasicTypeRegistry     : Adding type registration java.util.GregorianCalendar -> org.hibernate.type.BasicTypeReference@2c77344f
2024-05-02T23:00:59.248-04:00 DEBUG 912 --- [usuarios] [           main] org.hibernate.type.BasicTypeRegistry     : Adding type registration calendar_date -> org.hibernate.type.BasicTypeReference@121ddca4
2024-05-02T23:00:59.248-04:00 DEBUG 912 --- [usuarios] [           main] org.hibernate.type.BasicTypeRegistry     : Adding type registration calendar_time -> org.hibernate.type.BasicTypeReference@118cbded
2024-05-02T23:00:59.248-04:00 DEBUG 912 --- [usuarios] [           main] org.hibernate.type.BasicTypeRegistry     : Adding type registration instant -> org.hibernate.type.BasicTypeReference@4cc26df
2024-05-02T23:00:59.248-04:00 DEBUG 912 --- [usuarios] [           main] org.hibernate.type.BasicTypeRegistry     : Adding type registration java.time.Instant -> org.hibernate.type.BasicTypeReference@4cc26df
2024-05-02T23:00:59.249-04:00 DEBUG 912 --- [usuarios] [           main] org.hibernate.type.BasicTypeRegistry     : Adding type registration uuid -> org.hibernate.type.BasicTypeReference@7848321e
2024-05-02T23:00:59.249-04:00 DEBUG 912 --- [usuarios] [           main] org.hibernate.type.BasicTypeRegistry     : Adding type registration java.util.UUID -> org.hibernate.type.BasicTypeReference@7848321e
2024-05-02T23:00:59.249-04:00 DEBUG 912 --- [usuarios] [           main] org.hibernate.type.BasicTypeRegistry     : Adding type registration pg-uuid -> org.hibernate.type.BasicTypeReference@7848321e
2024-05-02T23:00:59.249-04:00 DEBUG 912 --- [usuarios] [           main] org.hibernate.type.BasicTypeRegistry     : Adding type registration uuid-binary -> org.hibernate.type.BasicTypeReference@f4f843f
2024-05-02T23:00:59.249-04:00 DEBUG 912 --- [usuarios] [           main] org.hibernate.type.BasicTypeRegistry     : Adding type registration uuid-char -> org.hibernate.type.BasicTypeReference@7b5833ee
2024-05-02T23:00:59.249-04:00 DEBUG 912 --- [usuarios] [           main] org.hibernate.type.BasicTypeRegistry     : Adding type registration class -> org.hibernate.type.BasicTypeReference@1e471884
2024-05-02T23:00:59.249-04:00 DEBUG 912 --- [usuarios] [           main] org.hibernate.type.BasicTypeRegistry     : Adding type registration java.lang.Class -> org.hibernate.type.BasicTypeReference@1e471884
2024-05-02T23:00:59.249-04:00 DEBUG 912 --- [usuarios] [           main] org.hibernate.type.BasicTypeRegistry     : Adding type registration currency -> org.hibernate.type.BasicTypeReference@27261190
2024-05-02T23:00:59.249-04:00 DEBUG 912 --- [usuarios] [           main] org.hibernate.type.BasicTypeRegistry     : Adding type registration Currency -> org.hibernate.type.BasicTypeReference@27261190
2024-05-02T23:00:59.249-04:00 DEBUG 912 --- [usuarios] [           main] org.hibernate.type.BasicTypeRegistry     : Adding type registration java.util.Currency -> org.hibernate.type.BasicTypeReference@27261190
2024-05-02T23:00:59.249-04:00 DEBUG 912 --- [usuarios] [           main] org.hibernate.type.BasicTypeRegistry     : Adding type registration locale -> org.hibernate.type.BasicTypeReference@543b0737
2024-05-02T23:00:59.249-04:00 DEBUG 912 --- [usuarios] [           main] org.hibernate.type.BasicTypeRegistry     : Adding type registration java.util.Locale -> org.hibernate.type.BasicTypeReference@543b0737
2024-05-02T23:00:59.249-04:00 DEBUG 912 --- [usuarios] [           main] org.hibernate.type.BasicTypeRegistry     : Adding type registration serializable -> org.hibernate.type.BasicTypeReference@6e46891d
2024-05-02T23:00:59.249-04:00 DEBUG 912 --- [usuarios] [           main] org.hibernate.type.BasicTypeRegistry     : Adding type registration java.io.Serializable -> org.hibernate.type.BasicTypeReference@6e46891d
2024-05-02T23:00:59.250-04:00 DEBUG 912 --- [usuarios] [           main] org.hibernate.type.BasicTypeRegistry     : Adding type registration timezone -> org.hibernate.type.BasicTypeReference@48632f69
2024-05-02T23:00:59.250-04:00 DEBUG 912 --- [usuarios] [           main] org.hibernate.type.BasicTypeRegistry     : Adding type registration java.util.TimeZone -> org.hibernate.type.BasicTypeReference@48632f69
2024-05-02T23:00:59.250-04:00 DEBUG 912 --- [usuarios] [           main] org.hibernate.type.BasicTypeRegistry     : Adding type registration ZoneOffset -> org.hibernate.type.BasicTypeReference@5fde1d64
2024-05-02T23:00:59.250-04:00 DEBUG 912 --- [usuarios] [           main] org.hibernate.type.BasicTypeRegistry     : Adding type registration java.time.ZoneOffset -> org.hibernate.type.BasicTypeReference@5fde1d64
2024-05-02T23:00:59.250-04:00 DEBUG 912 --- [usuarios] [           main] org.hibernate.type.BasicTypeRegistry     : Adding type registration url -> org.hibernate.type.BasicTypeReference@5350ab17
2024-05-02T23:00:59.250-04:00 DEBUG 912 --- [usuarios] [           main] org.hibernate.type.BasicTypeRegistry     : Adding type registration java.net.URL -> org.hibernate.type.BasicTypeReference@5350ab17
2024-05-02T23:00:59.250-04:00 DEBUG 912 --- [usuarios] [           main] org.hibernate.type.BasicTypeRegistry     : Adding type registration vector -> org.hibernate.type.BasicTypeReference@984de01
2024-05-02T23:00:59.250-04:00 DEBUG 912 --- [usuarios] [           main] org.hibernate.type.BasicTypeRegistry     : Adding type registration row_version -> org.hibernate.type.BasicTypeReference@58cda03f
2024-05-02T23:00:59.255-04:00 DEBUG 912 --- [usuarios] [           main] org.hibernate.type.BasicTypeRegistry     : Adding type registration object -> org.hibernate.type.JavaObjectType@6ce2e079
2024-05-02T23:00:59.255-04:00 DEBUG 912 --- [usuarios] [           main] org.hibernate.type.BasicTypeRegistry     : Adding type registration java.lang.Object -> org.hibernate.type.JavaObjectType@6ce2e079
2024-05-02T23:00:59.256-04:00 DEBUG 912 --- [usuarios] [           main] org.hibernate.type.BasicTypeRegistry     : Adding type registration null -> org.hibernate.type.NullType@485451d8
2024-05-02T23:00:59.256-04:00 DEBUG 912 --- [usuarios] [           main] org.hibernate.type.BasicTypeRegistry     : Adding type registration imm_date -> org.hibernate.type.BasicTypeReference@35e07e19
2024-05-02T23:00:59.256-04:00 DEBUG 912 --- [usuarios] [           main] org.hibernate.type.BasicTypeRegistry     : Adding type registration imm_time -> org.hibernate.type.BasicTypeReference@a1e912f
2024-05-02T23:00:59.257-04:00 DEBUG 912 --- [usuarios] [           main] org.hibernate.type.BasicTypeRegistry     : Adding type registration imm_timestamp -> org.hibernate.type.BasicTypeReference@2036f83
2024-05-02T23:00:59.257-04:00 DEBUG 912 --- [usuarios] [           main] org.hibernate.type.BasicTypeRegistry     : Adding type registration imm_calendar -> org.hibernate.type.BasicTypeReference@68b3248a
2024-05-02T23:00:59.257-04:00 DEBUG 912 --- [usuarios] [           main] org.hibernate.type.BasicTypeRegistry     : Adding type registration imm_calendar_date -> org.hibernate.type.BasicTypeReference@5e158f33
2024-05-02T23:00:59.257-04:00 DEBUG 912 --- [usuarios] [           main] org.hibernate.type.BasicTypeRegistry     : Adding type registration imm_calendar_time -> org.hibernate.type.BasicTypeReference@20fcea37
2024-05-02T23:00:59.257-04:00 DEBUG 912 --- [usuarios] [           main] org.hibernate.type.BasicTypeRegistry     : Adding type registration imm_binary -> org.hibernate.type.BasicTypeReference@399af6dc
2024-05-02T23:00:59.257-04:00 DEBUG 912 --- [usuarios] [           main] org.hibernate.type.BasicTypeRegistry     : Adding type registration imm_serializable -> org.hibernate.type.BasicTypeReference@48fc0211
2024-05-02T23:00:59.262-04:00 DEBUG 912 --- [usuarios] [           main] o.h.boot.internal.BootstrapContextImpl   : Injecting JPA temp ClassLoader [org.springframework.instrument.classloading.SimpleThrowawayClassLoader@182cc69e] into BootstrapContext; was [null]
2024-05-02T23:00:59.262-04:00 DEBUG 912 --- [usuarios] [           main] o.h.boot.internal.ClassLoaderAccessImpl  : ClassLoaderAccessImpl#injectTempClassLoader(org.springframework.instrument.classloading.SimpleThrowawayClassLoader@182cc69e) [was null]
2024-05-02T23:00:59.263-04:00 DEBUG 912 --- [usuarios] [           main] o.h.boot.internal.BootstrapContextImpl   : Injecting ScanEnvironment [org.hibernate.jpa.boot.internal.StandardJpaScanEnvironmentImpl@7bf65e0f] into BootstrapContext; was [null]
2024-05-02T23:00:59.263-04:00 DEBUG 912 --- [usuarios] [           main] o.h.boot.internal.BootstrapContextImpl   : Injecting ScanOptions [org.hibernate.boot.archive.scan.internal.StandardScanOptions@33215ffb] into BootstrapContext; was [org.hibernate.boot.archive.scan.internal.StandardScanOptions@6f289728]
2024-05-02T23:00:59.291-04:00  INFO 912 --- [usuarios] [           main] o.s.o.j.p.SpringPersistenceUnitInfo      : No LoadTimeWeaver setup: ignoring JPA class transformer
2024-05-02T23:00:59.291-04:00 DEBUG 912 --- [usuarios] [           main] o.h.boot.internal.BootstrapContextImpl   : Injecting JPA temp ClassLoader [null] into BootstrapContext; was [org.springframework.instrument.classloading.SimpleThrowawayClassLoader@182cc69e]
2024-05-02T23:00:59.291-04:00 DEBUG 912 --- [usuarios] [           main] o.h.boot.internal.ClassLoaderAccessImpl  : ClassLoaderAccessImpl#injectTempClassLoader(null) [was org.springframework.instrument.classloading.SimpleThrowawayClassLoader@182cc69e]
2024-05-02T23:00:59.322-04:00  INFO 912 --- [usuarios] [           main] com.zaxxer.hikari.HikariDataSource       : HikariPool-1 - Starting...
2024-05-02T23:00:59.326-04:00  WARN 912 --- [usuarios] [           main] c.zaxxer.hikari.util.DriverDataSource    : Registered driver with driverClassName=oracle.jdbc.driver.OracleDriver was not found, trying direct instantiation.
2024-05-02T23:01:00.583-04:00  INFO 912 --- [usuarios] [           main] com.zaxxer.hikari.pool.HikariPool        : HikariPool-1 - Added connection oracle.jdbc.driver.T4CConnection@3cf8a235
2024-05-02T23:01:00.586-04:00  INFO 912 --- [usuarios] [           main] com.zaxxer.hikari.HikariDataSource       : HikariPool-1 - Start completed.
2024-05-02T23:01:00.592-04:00 DEBUG 912 --- [usuarios] [           main] o.h.e.j.e.i.JdbcEnvironmentInitiator     : Database ->
       name : Oracle
    version : Oracle Database 19c Enterprise Edition Release 19.0.0.0.0 - Production
Version 19.23.0.1.0
      major : 19
      minor : 0
2024-05-02T23:01:00.592-04:00 DEBUG 912 --- [usuarios] [           main] o.h.e.j.e.i.JdbcEnvironmentInitiator     : Driver ->
       name : Oracle JDBC driver
    version : 21.9.0.0.0
      major : 21
      minor : 9
2024-05-02T23:01:00.592-04:00 DEBUG 912 --- [usuarios] [           main] o.h.e.j.e.i.JdbcEnvironmentInitiator     : JDBC version : 4.3
2024-05-02T23:01:00.839-04:00 DEBUG 912 --- [usuarios] [           main] org.hibernate.orm.dialect                : HHH035001: Using dialect: org.hibernate.dialect.OracleDialect, version: 19.0
2024-05-02T23:01:00.905-04:00 DEBUG 912 --- [usuarios] [           main] o.h.t.d.jdbc.spi.JdbcTypeRegistry        : addDescriptor(NCharTypeDescriptor) replaced previous registration(CharTypeDescriptor)
2024-05-02T23:01:00.906-04:00 DEBUG 912 --- [usuarios] [           main] o.h.t.d.jdbc.spi.JdbcTypeRegistry        : addDescriptor(NVarcharTypeDescriptor) replaced previous registration(VarcharTypeDescriptor)
2024-05-02T23:01:00.907-04:00 DEBUG 912 --- [usuarios] [           main] o.h.t.d.jdbc.spi.JdbcTypeRegistry        : addDescriptor(LongNVarcharTypeDescriptor) replaced previous registration(LongVarcharTypeDescriptor)
2024-05-02T23:01:00.912-04:00 DEBUG 912 --- [usuarios] [           main] o.h.t.d.jdbc.spi.JdbcTypeRegistry        : addDescriptor(NClobTypeDescriptor(DEFAULT)) replaced previous registration(ClobTypeDescriptor(DEFAULT))
2024-05-02T23:01:00.913-04:00 DEBUG 912 --- [usuarios] [           main] o.h.t.d.jdbc.spi.JdbcTypeRegistry        : addDescriptor(2005, ClobTypeDescriptor(STREAM_BINDING)) replaced previous registration(ClobTypeDescriptor(DEFAULT))
2024-05-02T23:01:00.915-04:00 DEBUG 912 --- [usuarios] [           main] o.h.t.d.jdbc.spi.JdbcTypeRegistry        : addDescriptor(BooleanTypeDescriptor) replaced previous registration(BooleanTypeDescriptor)
2024-05-02T23:01:00.929-04:00 DEBUG 912 --- [usuarios] [           main] org.hibernate.type.BasicTypeRegistry     : Adding type registration null -> org.hibernate.type.NullType@215a329c
2024-05-02T23:01:00.929-04:00 DEBUG 912 --- [usuarios] [           main] org.hibernate.type.BasicTypeRegistry     : Type registration key [null] overrode previous entry : `org.hibernate.type.NullType@485451d8`
2024-05-02T23:01:00.930-04:00 DEBUG 912 --- [usuarios] [           main] org.hibernate.type.BasicTypeRegistry     : Adding type registration JAVA_OBJECT -> org.hibernate.type.JavaObjectType@1fd0ae78
2024-05-02T23:01:00.930-04:00 DEBUG 912 --- [usuarios] [           main] org.hibernate.type.BasicTypeRegistry     : Adding type registration java.lang.Object -> org.hibernate.type.JavaObjectType@1fd0ae78
2024-05-02T23:01:00.930-04:00 DEBUG 912 --- [usuarios] [           main] org.hibernate.type.BasicTypeRegistry     : Type registration key [java.lang.Object] overrode previous entry : `org.hibernate.type.JavaObjectType@6ce2e079`
2024-05-02T23:01:00.935-04:00 DEBUG 912 --- [usuarios] [           main] org.hibernate.type.BasicTypeRegistry     : Adding type registration org.hibernate.type.DurationType -> basicType@1(java.time.Duration,3015)
2024-05-02T23:01:00.935-04:00 DEBUG 912 --- [usuarios] [           main] org.hibernate.type.BasicTypeRegistry     : Adding type registration Duration -> basicType@1(java.time.Duration,3015)
2024-05-02T23:01:00.935-04:00 DEBUG 912 --- [usuarios] [           main] org.hibernate.type.BasicTypeRegistry     : Adding type registration java.time.Duration -> basicType@1(java.time.Duration,3015)
2024-05-02T23:01:00.939-04:00 DEBUG 912 --- [usuarios] [           main] o.h.type.spi.TypeConfiguration$Scope     : Scoping TypeConfiguration [org.hibernate.type.spi.TypeConfiguration@4203529f] to MetadataBuildingContext [org.hibernate.boot.internal.MetadataBuildingContextRootImpl@7d82ca56]
2024-05-02T23:01:00.989-04:00 DEBUG 912 --- [usuarios] [           main] o.h.boot.model.relational.Namespace      : Created database namespace [logicalName=Name{catalog=null, schema=null}, physicalName=Name{catalog=null, schema=null}]
2024-05-02T23:01:01.052-04:00 DEBUG 912 --- [usuarios] [           main] o.h.boot.model.internal.EntityBinder     : Binding entity from annotated class: com.users.usuarios.model.Direccion
2024-05-02T23:01:01.071-04:00 DEBUG 912 --- [usuarios] [           main] o.h.boot.model.internal.EntityBinder     : Import with entity name Direccion
2024-05-02T23:01:01.095-04:00 DEBUG 912 --- [usuarios] [           main] o.h.boot.model.internal.EntityBinder     : Bind entity com.users.usuarios.model.Direccion on table direccion
2024-05-02T23:01:01.109-04:00 DEBUG 912 --- [usuarios] [           main] o.h.boot.model.internal.AnnotatedColumn  : Binding column: AnnotatedDiscriminatorColumn(column='DTYPE')
2024-05-02T23:01:01.182-04:00 DEBUG 912 --- [usuarios] [           main] o.h.boot.model.internal.AnnotatedColumn  : Binding column: AnnotatedColumn(column='id_direccion')
2024-05-02T23:01:01.183-04:00 DEBUG 912 --- [usuarios] [           main] o.h.boot.internal.ClassLoaderAccessImpl  : Not known whether passed class name [com.users.usuarios.model.Direccion] is safe
2024-05-02T23:01:01.184-04:00 DEBUG 912 --- [usuarios] [           main] o.h.boot.internal.ClassLoaderAccessImpl  : No temp ClassLoader provided; using live ClassLoader for loading potentially unsafe class : com.users.usuarios.model.Direccion
2024-05-02T23:01:01.199-04:00 DEBUG 912 --- [usuarios] [           main] o.h.boot.model.internal.PropertyBinder   : MetadataSourceProcessor property id with lazy=false
2024-05-02T23:01:01.205-04:00 DEBUG 912 --- [usuarios] [           main] o.h.b.m.internal.AbstractPropertyHolder  : Attempting to locate auto-apply AttributeConverter for property [com.users.usuarios.model.Direccion:id]
2024-05-02T23:01:01.214-04:00 DEBUG 912 --- [usuarios] [           main] o.h.b.model.internal.BasicValueBinder    : building BasicValue for id
2024-05-02T23:01:01.262-04:00 DEBUG 912 --- [usuarios] [           main] org.hibernate.mapping.BasicValue         : Skipping column re-registration: direccion.id_direccion
2024-05-02T23:01:01.263-04:00 DEBUG 912 --- [usuarios] [           main] o.h.boot.model.internal.PropertyBinder   : Building property id
2024-05-02T23:01:01.267-04:00 DEBUG 912 --- [usuarios] [           main] o.h.boot.model.internal.BinderHelper     : #makeIdGenerator(BasicValue([Column(id_direccion)]), id, assigned, , ...)
2024-05-02T23:01:01.271-04:00 DEBUG 912 --- [usuarios] [           main] o.h.boot.model.internal.AnnotatedColumn  : Binding column: AnnotatedColumn()
2024-05-02T23:01:01.271-04:00 DEBUG 912 --- [usuarios] [           main] o.h.boot.model.internal.PropertyBinder   : MetadataSourceProcessor property calle with lazy=false
2024-05-02T23:01:01.271-04:00 DEBUG 912 --- [usuarios] [           main] o.h.b.m.internal.AbstractPropertyHolder  : Attempting to locate auto-apply AttributeConverter for property [com.users.usuarios.model.Direccion:calle]
2024-05-02T23:01:01.271-04:00 DEBUG 912 --- [usuarios] [           main] o.h.b.model.internal.BasicValueBinder    : building BasicValue for calle
2024-05-02T23:01:01.271-04:00 DEBUG 912 --- [usuarios] [           main] org.hibernate.mapping.BasicValue         : Skipping column re-registration: direccion.calle
2024-05-02T23:01:01.272-04:00 DEBUG 912 --- [usuarios] [           main] o.h.boot.model.internal.PropertyBinder   : Building property calle
2024-05-02T23:01:01.273-04:00 DEBUG 912 --- [usuarios] [           main] o.h.boot.model.internal.AnnotatedColumn  : Binding column: AnnotatedColumn()
2024-05-02T23:01:01.273-04:00 DEBUG 912 --- [usuarios] [           main] o.h.boot.model.internal.PropertyBinder   : MetadataSourceProcessor property estado with lazy=false
2024-05-02T23:01:01.273-04:00 DEBUG 912 --- [usuarios] [           main] o.h.b.m.internal.AbstractPropertyHolder  : Attempting to locate auto-apply AttributeConverter for property [com.users.usuarios.model.Direccion:estado]
2024-05-02T23:01:01.274-04:00 DEBUG 912 --- [usuarios] [           main] o.h.b.model.internal.BasicValueBinder    : building BasicValue for estado
2024-05-02T23:01:01.274-04:00 DEBUG 912 --- [usuarios] [           main] org.hibernate.mapping.BasicValue         : Skipping column re-registration: direccion.estado
2024-05-02T23:01:01.274-04:00 DEBUG 912 --- [usuarios] [           main] o.h.boot.model.internal.PropertyBinder   : Building property estado
2024-05-02T23:01:01.274-04:00 DEBUG 912 --- [usuarios] [           main] o.h.boot.model.internal.AnnotatedColumn  : Binding column: AnnotatedColumn()
2024-05-02T23:01:01.275-04:00 DEBUG 912 --- [usuarios] [           main] o.h.boot.model.internal.PropertyBinder   : MetadataSourceProcessor property numeracion with lazy=false
2024-05-02T23:01:01.275-04:00 DEBUG 912 --- [usuarios] [           main] o.h.b.m.internal.AbstractPropertyHolder  : Attempting to locate auto-apply AttributeConverter for property [com.users.usuarios.model.Direccion:numeracion]
2024-05-02T23:01:01.275-04:00 DEBUG 912 --- [usuarios] [           main] o.h.b.model.internal.BasicValueBinder    : building BasicValue for numeracion
2024-05-02T23:01:01.275-04:00 DEBUG 912 --- [usuarios] [           main] org.hibernate.mapping.BasicValue         : Skipping column re-registration: direccion.numeracion
2024-05-02T23:01:01.275-04:00 DEBUG 912 --- [usuarios] [           main] o.h.boot.model.internal.PropertyBinder   : Building property numeracion
2024-05-02T23:01:01.275-04:00 DEBUG 912 --- [usuarios] [           main] o.h.boot.model.internal.AnnotatedColumn  : Binding column: AnnotatedColumn()
2024-05-02T23:01:01.276-04:00 DEBUG 912 --- [usuarios] [           main] o.h.boot.model.internal.PropertyBinder   : MetadataSourceProcessor property otro with lazy=false
2024-05-02T23:01:01.276-04:00 DEBUG 912 --- [usuarios] [           main] o.h.b.m.internal.AbstractPropertyHolder  : Attempting to locate auto-apply AttributeConverter for property [com.users.usuarios.model.Direccion:otro]
2024-05-02T23:01:01.276-04:00 DEBUG 912 --- [usuarios] [           main] o.h.b.model.internal.BasicValueBinder    : building BasicValue for otro
2024-05-02T23:01:01.276-04:00 DEBUG 912 --- [usuarios] [           main] org.hibernate.mapping.BasicValue         : Skipping column re-registration: direccion.otro
2024-05-02T23:01:01.276-04:00 DEBUG 912 --- [usuarios] [           main] o.h.boot.model.internal.PropertyBinder   : Building property otro
2024-05-02T23:01:01.278-04:00 DEBUG 912 --- [usuarios] [           main] o.h.b.r.c.i.ClassLoaderServiceImpl       : HHH000194: Package not found or wo package-info.java: com.users.usuarios.model
2024-05-02T23:01:01.286-04:00 DEBUG 912 --- [usuarios] [           main] o.h.boot.model.internal.EntityBinder     : Binding entity from annotated class: com.users.usuarios.model.Rol
2024-05-02T23:01:01.287-04:00 DEBUG 912 --- [usuarios] [           main] o.h.boot.model.internal.EntityBinder     : Import with entity name Rol
2024-05-02T23:01:01.288-04:00 DEBUG 912 --- [usuarios] [           main] o.h.boot.model.internal.EntityBinder     : Bind entity com.users.usuarios.model.Rol on table rol
2024-05-02T23:01:01.288-04:00 DEBUG 912 --- [usuarios] [           main] o.h.boot.model.internal.AnnotatedColumn  : Binding column: AnnotatedDiscriminatorColumn(column='DTYPE')
2024-05-02T23:01:01.289-04:00 DEBUG 912 --- [usuarios] [           main] o.h.boot.model.internal.AnnotatedColumn  : Binding column: AnnotatedColumn(column='id_rol')
2024-05-02T23:01:01.289-04:00 DEBUG 912 --- [usuarios] [           main] o.h.boot.internal.ClassLoaderAccessImpl  : Not known whether passed class name [com.users.usuarios.model.Rol] is safe
2024-05-02T23:01:01.289-04:00 DEBUG 912 --- [usuarios] [           main] o.h.boot.internal.ClassLoaderAccessImpl  : No temp ClassLoader provided; using live ClassLoader for loading potentially unsafe class : com.users.usuarios.model.Rol
2024-05-02T23:01:01.289-04:00 DEBUG 912 --- [usuarios] [           main] o.h.boot.model.internal.PropertyBinder   : MetadataSourceProcessor property id with lazy=false
2024-05-02T23:01:01.289-04:00 DEBUG 912 --- [usuarios] [           main] o.h.b.m.internal.AbstractPropertyHolder  : Attempting to locate auto-apply AttributeConverter for property [com.users.usuarios.model.Rol:id]
2024-05-02T23:01:01.289-04:00 DEBUG 912 --- [usuarios] [           main] o.h.b.model.internal.BasicValueBinder    : building BasicValue for id
2024-05-02T23:01:01.290-04:00 DEBUG 912 --- [usuarios] [           main] org.hibernate.mapping.BasicValue         : Skipping column re-registration: rol.id_rol
2024-05-02T23:01:01.290-04:00 DEBUG 912 --- [usuarios] [           main] o.h.boot.model.internal.PropertyBinder   : Building property id
2024-05-02T23:01:01.290-04:00 DEBUG 912 --- [usuarios] [           main] o.h.boot.model.internal.BinderHelper     : #makeIdGenerator(BasicValue([Column(id_rol)]), id, assigned, , ...)
2024-05-02T23:01:01.291-04:00 DEBUG 912 --- [usuarios] [           main] o.h.boot.model.internal.AnnotatedColumn  : Binding column: AnnotatedColumn(column='descripcion')
2024-05-02T23:01:01.292-04:00 DEBUG 912 --- [usuarios] [           main] o.h.boot.model.internal.PropertyBinder   : MetadataSourceProcessor property descripcion with lazy=false
2024-05-02T23:01:01.292-04:00 DEBUG 912 --- [usuarios] [           main] o.h.b.m.internal.AbstractPropertyHolder  : Attempting to locate auto-apply AttributeConverter for property [com.users.usuarios.model.Rol:descripcion]
2024-05-02T23:01:01.292-04:00 DEBUG 912 --- [usuarios] [           main] o.h.b.model.internal.BasicValueBinder    : building BasicValue for descripcion
2024-05-02T23:01:01.292-04:00 DEBUG 912 --- [usuarios] [           main] org.hibernate.mapping.BasicValue         : Skipping column re-registration: rol.descripcion
2024-05-02T23:01:01.292-04:00 DEBUG 912 --- [usuarios] [           main] o.h.boot.model.internal.PropertyBinder   : Building property descripcion
2024-05-02T23:01:01.293-04:00 DEBUG 912 --- [usuarios] [           main] o.h.boot.model.internal.AnnotatedColumn  : Binding column: AnnotatedColumn(column='estado')
2024-05-02T23:01:01.293-04:00 DEBUG 912 --- [usuarios] [           main] o.h.boot.model.internal.PropertyBinder   : MetadataSourceProcessor property estado with lazy=false
2024-05-02T23:01:01.293-04:00 DEBUG 912 --- [usuarios] [           main] o.h.b.m.internal.AbstractPropertyHolder  : Attempting to locate auto-apply AttributeConverter for property [com.users.usuarios.model.Rol:estado]
2024-05-02T23:01:01.293-04:00 DEBUG 912 --- [usuarios] [           main] o.h.b.model.internal.BasicValueBinder    : building BasicValue for estado
2024-05-02T23:01:01.293-04:00 DEBUG 912 --- [usuarios] [           main] org.hibernate.mapping.BasicValue         : Skipping column re-registration: rol.estado
2024-05-02T23:01:01.293-04:00 DEBUG 912 --- [usuarios] [           main] o.h.boot.model.internal.PropertyBinder   : Building property estado
2024-05-02T23:01:01.294-04:00 DEBUG 912 --- [usuarios] [           main] o.h.b.r.c.i.ClassLoaderServiceImpl       : HHH000194: Package not found or wo package-info.java: com.users.usuarios.model
2024-05-02T23:01:01.296-04:00 DEBUG 912 --- [usuarios] [           main] o.h.boot.model.internal.EntityBinder     : Binding entity from annotated class: com.users.usuarios.model.Usuario
2024-05-02T23:01:01.296-04:00 DEBUG 912 --- [usuarios] [           main] o.h.boot.model.internal.EntityBinder     : Import with entity name Usuario
2024-05-02T23:01:01.297-04:00 DEBUG 912 --- [usuarios] [           main] o.h.boot.model.internal.EntityBinder     : Bind entity com.users.usuarios.model.Usuario on table usuario
2024-05-02T23:01:01.305-04:00 DEBUG 912 --- [usuarios] [           main] o.h.boot.model.internal.AnnotatedColumn  : Binding column: AnnotatedDiscriminatorColumn(column='DTYPE')
2024-05-02T23:01:01.311-04:00 DEBUG 912 --- [usuarios] [           main] o.h.boot.model.internal.AnnotatedColumn  : Binding column: AnnotatedColumn(column='id_usuario')
2024-05-02T23:01:01.311-04:00 DEBUG 912 --- [usuarios] [           main] o.h.boot.internal.ClassLoaderAccessImpl  : Not known whether passed class name [com.users.usuarios.model.Usuario] is safe
2024-05-02T23:01:01.312-04:00 DEBUG 912 --- [usuarios] [           main] o.h.boot.internal.ClassLoaderAccessImpl  : No temp ClassLoader provided; using live ClassLoader for loading potentially unsafe class : com.users.usuarios.model.Usuario
2024-05-02T23:01:01.312-04:00 DEBUG 912 --- [usuarios] [           main] o.h.boot.model.internal.PropertyBinder   : MetadataSourceProcessor property id with lazy=false
2024-05-02T23:01:01.312-04:00 DEBUG 912 --- [usuarios] [           main] o.h.b.m.internal.AbstractPropertyHolder  : Attempting to locate auto-apply AttributeConverter for property [com.users.usuarios.model.Usuario:id]
2024-05-02T23:01:01.312-04:00 DEBUG 912 --- [usuarios] [           main] o.h.b.model.internal.BasicValueBinder    : building BasicValue for id
2024-05-02T23:01:01.313-04:00 DEBUG 912 --- [usuarios] [           main] org.hibernate.mapping.BasicValue         : Skipping column re-registration: usuario.id_usuario
2024-05-02T23:01:01.313-04:00 DEBUG 912 --- [usuarios] [           main] o.h.boot.model.internal.PropertyBinder   : Building property id
2024-05-02T23:01:01.313-04:00 DEBUG 912 --- [usuarios] [           main] o.h.boot.model.internal.BinderHelper     : #makeIdGenerator(BasicValue([Column(id_usuario)]), id, assigned, , ...)
2024-05-02T23:01:01.313-04:00 DEBUG 912 --- [usuarios] [           main] o.h.boot.model.internal.AnnotatedColumn  : Binding column: AnnotatedColumn(column='apellido')
2024-05-02T23:01:01.313-04:00 DEBUG 912 --- [usuarios] [           main] o.h.boot.model.internal.PropertyBinder   : MetadataSourceProcessor property apellido with lazy=false
2024-05-02T23:01:01.313-04:00 DEBUG 912 --- [usuarios] [           main] o.h.b.m.internal.AbstractPropertyHolder  : Attempting to locate auto-apply AttributeConverter for property [com.users.usuarios.model.Usuario:apellido]
2024-05-02T23:01:01.313-04:00 DEBUG 912 --- [usuarios] [           main] o.h.b.model.internal.BasicValueBinder    : building BasicValue for apellido
2024-05-02T23:01:01.314-04:00 DEBUG 912 --- [usuarios] [           main] org.hibernate.mapping.BasicValue         : Skipping column re-registration: usuario.apellido
2024-05-02T23:01:01.314-04:00 DEBUG 912 --- [usuarios] [           main] o.h.boot.model.internal.PropertyBinder   : Building property apellido
2024-05-02T23:01:01.314-04:00 DEBUG 912 --- [usuarios] [           main] o.h.boot.model.internal.AnnotatedColumn  : Binding column: AnnotatedColumn(column='nombre')
2024-05-02T23:01:01.314-04:00 DEBUG 912 --- [usuarios] [           main] o.h.boot.model.internal.PropertyBinder   : MetadataSourceProcessor property nombre with lazy=false
2024-05-02T23:01:01.314-04:00 DEBUG 912 --- [usuarios] [           main] o.h.b.m.internal.AbstractPropertyHolder  : Attempting to locate auto-apply AttributeConverter for property [com.users.usuarios.model.Usuario:nombre]
2024-05-02T23:01:01.314-04:00 DEBUG 912 --- [usuarios] [           main] o.h.b.model.internal.BasicValueBinder    : building BasicValue for nombre
2024-05-02T23:01:01.314-04:00 DEBUG 912 --- [usuarios] [           main] org.hibernate.mapping.BasicValue         : Skipping column re-registration: usuario.nombre
2024-05-02T23:01:01.314-04:00 DEBUG 912 --- [usuarios] [           main] o.h.boot.model.internal.PropertyBinder   : Building property nombre
2024-05-02T23:01:01.315-04:00 DEBUG 912 --- [usuarios] [           main] o.h.boot.model.internal.AnnotatedColumn  : Binding column: AnnotatedColumn(column='pass')
2024-05-02T23:01:01.315-04:00 DEBUG 912 --- [usuarios] [           main] o.h.boot.model.internal.PropertyBinder   : MetadataSourceProcessor property password with lazy=false
2024-05-02T23:01:01.315-04:00 DEBUG 912 --- [usuarios] [           main] o.h.b.m.internal.AbstractPropertyHolder  : Attempting to locate auto-apply AttributeConverter for property [com.users.usuarios.model.Usuario:password]
2024-05-02T23:01:01.315-04:00 DEBUG 912 --- [usuarios] [           main] o.h.b.model.internal.BasicValueBinder    : building BasicValue for password
2024-05-02T23:01:01.315-04:00 DEBUG 912 --- [usuarios] [           main] org.hibernate.mapping.BasicValue         : Skipping column re-registration: usuario.pass
2024-05-02T23:01:01.315-04:00 DEBUG 912 --- [usuarios] [           main] o.h.boot.model.internal.PropertyBinder   : Building property password
2024-05-02T23:01:01.316-04:00 DEBUG 912 --- [usuarios] [           main] o.h.boot.model.internal.AnnotatedColumn  : Binding column: AnnotatedColumn(column='username')
2024-05-02T23:01:01.316-04:00 DEBUG 912 --- [usuarios] [           main] o.h.boot.model.internal.PropertyBinder   : MetadataSourceProcessor property username with lazy=false
2024-05-02T23:01:01.317-04:00 DEBUG 912 --- [usuarios] [           main] o.h.b.m.internal.AbstractPropertyHolder  : Attempting to locate auto-apply AttributeConverter for property [com.users.usuarios.model.Usuario:username]
2024-05-02T23:01:01.317-04:00 DEBUG 912 --- [usuarios] [           main] o.h.b.model.internal.BasicValueBinder    : building BasicValue for username
2024-05-02T23:01:01.317-04:00 DEBUG 912 --- [usuarios] [           main] org.hibernate.mapping.BasicValue         : Skipping column re-registration: usuario.username
2024-05-02T23:01:01.317-04:00 DEBUG 912 --- [usuarios] [           main] o.h.boot.model.internal.PropertyBinder   : Building property username
2024-05-02T23:01:01.317-04:00 DEBUG 912 --- [usuarios] [           main] o.h.b.r.c.i.ClassLoaderServiceImpl       : HHH000194: Package not found or wo package-info.java: com.users.usuarios.model
2024-05-02T23:01:01.319-04:00 DEBUG 912 --- [usuarios] [           main] o.h.boot.model.internal.EntityBinder     : Binding entity from annotated class: com.users.usuarios.model.UsuarioDireccion
2024-05-02T23:01:01.319-04:00 DEBUG 912 --- [usuarios] [           main] o.h.boot.model.internal.EntityBinder     : Import with entity name UsuarioDireccion
2024-05-02T23:01:01.320-04:00 DEBUG 912 --- [usuarios] [           main] o.h.boot.model.internal.EntityBinder     : Bind entity com.users.usuarios.model.UsuarioDireccion on table usuario_direccion
2024-05-02T23:01:01.320-04:00 DEBUG 912 --- [usuarios] [           main] o.h.boot.model.internal.AnnotatedColumn  : Binding column: AnnotatedDiscriminatorColumn(column='DTYPE')
2024-05-02T23:01:01.321-04:00 DEBUG 912 --- [usuarios] [           main] o.h.boot.model.internal.AnnotatedColumn  : Binding column: AnnotatedColumn(column='id_usuario_direccion')
[...]

   JpaBaseConfiguration#jpaVendorAdapter matched:
      - @ConditionalOnMissingBean (types: org.springframework.orm.jpa.JpaVendorAdapter; SearchStrategy: all) did not find any beans (OnBeanCondition)

   JpaBaseConfiguration#transactionManager matched:
      - @ConditionalOnMissingBean (types: org.springframework.transaction.TransactionManager; SearchStrategy: all) did not find any beans (OnBeanCondition)

   JpaBaseConfiguration.PersistenceManagedTypesConfiguration matched:
      - @ConditionalOnMissingBean (types: org.springframework.orm.jpa.LocalContainerEntityManagerFactoryBean,jakarta.persistence.EntityManagerFactory; SearchStrategy: all) did not find any beans (OnBeanCondition)

   JpaBaseConfiguration.PersistenceManagedTypesConfiguration#persistenceManagedTypes matched:
      - @ConditionalOnMissingBean (types: org.springframework.orm.jpa.persistenceunit.PersistenceManagedTypes; SearchStrategy: all) did not find any beans (OnBeanCondition)

   JpaRepositoriesAutoConfiguration matched:
      - @ConditionalOnClass found required class 'org.springframework.data.jpa.repository.JpaRepository' (OnClassCondition)
      - @ConditionalOnProperty (spring.data.jpa.repositories.enabled=true) matched (OnPropertyCondition)
      - @ConditionalOnBean (types: javax.sql.DataSource; SearchStrategy: all) found bean 'dataSource'; @ConditionalOnMissingBean (types: org.springframework.data.jpa.repository.support.JpaRepositoryFactoryBean,org.springframework.data.jpa.repository.config.JpaRepositoryConfigExtension; SearchStrategy: all) did not find any beans (OnBeanCondition)

   NamedParameterJdbcTemplateConfiguration matched:
      - @ConditionalOnSingleCandidate (types: org.springframework.jdbc.core.JdbcTemplate; SearchStrategy: all) found a single bean 'jdbcTemplate'; @ConditionalOnMissingBean (types: org.springframework.jdbc.core.namedparam.NamedParameterJdbcOperations; SearchStrategy: all) did not find any beans (OnBeanCondition)

   NoOpCacheConfiguration matched:
      - Cache org.springframework.boot.autoconfigure.cache.NoOpCacheConfiguration NONE cache type (CacheCondition)

   SqlInitializationAutoConfiguration matched:
      - @ConditionalOnProperty (spring.sql.init.enabled) matched (OnPropertyCondition)
      - NoneNestedConditions 0 matched 1 did not; NestedCondition on SqlInitializationAutoConfiguration.SqlInitializationModeCondition.ModeIsNever @ConditionalOnProperty (spring.sql.init.mode=never) did not find property 'mode' (SqlInitializationAutoConfiguration.SqlInitializationModeCondition)

   TestEntityManagerAutoConfiguration matched:
      - @ConditionalOnClass found required class 'jakarta.persistence.EntityManagerFactory' (OnClassCondition)

   TestEntityManagerAutoConfiguration#testEntityManager matched:
      - @ConditionalOnMissingBean (types: org.springframework.boot.test.autoconfigure.orm.jpa.TestEntityManager; SearchStrategy: all) did not find any beans (OnBeanCondition)

   TransactionAutoConfiguration matched:
      - @ConditionalOnClass found required class 'org.springframework.transaction.PlatformTransactionManager' (OnClassCondition)

   TransactionAutoConfiguration.EnableTransactionManagementConfiguration matched:
      - @ConditionalOnBean (types: org.springframework.transaction.TransactionManager; SearchStrategy: all) found bean 'transactionManager'; @ConditionalOnMissingBean (types: org.springframework.transaction.annotation.AbstractTransactionManagementConfiguration; SearchStrategy: all) did not find any beans (OnBeanCondition)

   TransactionAutoConfiguration.EnableTransactionManagementConfiguration.CglibAutoProxyConfiguration matched:
      - @ConditionalOnProperty (spring.aop.proxy-target-class=true) matched (OnPropertyCondition)

   TransactionAutoConfiguration.TransactionTemplateConfiguration matched:
      - @ConditionalOnSingleCandidate (types: org.springframework.transaction.PlatformTransactionManager; SearchStrategy: all) found a single bean 'transactionManager' (OnBeanCondition)

   TransactionAutoConfiguration.TransactionTemplateConfiguration#transactionTemplate matched:
      - @ConditionalOnMissingBean (types: org.springframework.transaction.support.TransactionOperations; SearchStrategy: all) did not find any beans (OnBeanCondition)


Negative matches:
-----------------

   Cache2kCacheConfiguration:
      Did not match:
         - @ConditionalOnClass did not find required class 'org.cache2k.Cache2kBuilder' (OnClassCondition)

   CacheAutoConfiguration:
      Did not match:
         - @ConditionalOnBean (types: org.springframework.cache.interceptor.CacheAspectSupport; SearchStrategy: all) did not find any beans of type org.springframework.cache.interceptor.CacheAspectSupport (OnBeanCondition)
      Matched:
         - @ConditionalOnClass found required class 'org.springframework.cache.CacheManager' (OnClassCondition)

   CacheAutoConfiguration.CacheManagerEntityManagerFactoryDependsOnPostProcessor:
      Did not match:
         - Ancestor org.springframework.boot.autoconfigure.cache.CacheAutoConfiguration did not match (ConditionEvaluationReport.AncestorsMatchedCondition)
      Matched:
         - @ConditionalOnClass found required class 'org.springframework.orm.jpa.LocalContainerEntityManagerFactoryBean' (OnClassCondition)

   CaffeineCacheConfiguration:
      Did not match:
         - @ConditionalOnClass did not find required class 'com.github.benmanes.caffeine.cache.Caffeine' (OnClassCondition)

   CouchbaseCacheConfiguration:
      Did not match:
         - @ConditionalOnClass did not find required class 'com.couchbase.client.java.Cluster' (OnClassCondition)

   DataSourceAutoConfiguration.EmbeddedDatabaseConfiguration:
      Did not match:
         - EmbeddedDataSource spring.datasource.url is set (DataSourceAutoConfiguration.EmbeddedDatabaseCondition)

   DataSourceCheckpointRestoreConfiguration:
      Did not match:
         - @ConditionalOnClass did not find required class 'org.crac.Resource' (OnClassCondition)

   DataSourceConfiguration.Dbcp2:
      Did not match:
         - @ConditionalOnClass did not find required class 'org.apache.commons.dbcp2.BasicDataSource' (OnClassCondition)

   DataSourceConfiguration.Generic:
      Did not match:
         - @ConditionalOnProperty (spring.datasource.type) did not find property 'spring.datasource.type' (OnPropertyCondition)

   DataSourceConfiguration.OracleUcp:
      Did not match:
         - @ConditionalOnClass did not find required class 'oracle.ucp.jdbc.PoolDataSourceImpl' (OnClassCondition)

   DataSourceConfiguration.Tomcat:
      Did not match:
         - @ConditionalOnClass did not find required class 'org.apache.tomcat.jdbc.pool.DataSource' (OnClassCondition)

   DataSourceJmxConfiguration:
      Did not match:
         - @ConditionalOnProperty (spring.jmx.enabled=true) found different value in property 'enabled' (OnPropertyCondition)

   DataSourcePoolMetadataProvidersConfiguration.CommonsDbcp2PoolDataSourceMetadataProviderConfiguration:
      Did not match:
         - @ConditionalOnClass did not find required class 'org.apache.commons.dbcp2.BasicDataSource' (OnClassCondition)

   DataSourcePoolMetadataProvidersConfiguration.OracleUcpPoolDataSourceMetadataProviderConfiguration:
      Did not match:
         - @ConditionalOnClass did not find required class 'oracle.ucp.jdbc.PoolDataSource' (OnClassCondition)

   DataSourcePoolMetadataProvidersConfiguration.TomcatDataSourcePoolMetadataProviderConfiguration:
      Did not match:
         - @ConditionalOnClass did not find required class 'org.apache.tomcat.jdbc.pool.DataSource' (OnClassCondition)

   DataSourceTransactionManagerAutoConfiguration.JdbcTransactionManagerConfiguration#transactionManager:
      Did not match:
         - @ConditionalOnMissingBean (types: org.springframework.transaction.TransactionManager; SearchStrategy: all) found beans of type 'org.springframework.transaction.TransactionManager' transactionManager (OnBeanCondition)

   FlywayAutoConfiguration:
      Did not match:
         - @ConditionalOnClass did not find required class 'org.flywaydb.core.Flyway' (OnClassCondition)

   GenericCacheConfiguration:
      Did not match:
         - Cache org.springframework.boot.autoconfigure.cache.GenericCacheConfiguration unknown cache type (CacheCondition)

   HazelcastCacheConfiguration:
      Did not match:
         - @ConditionalOnClass did not find required class 'com.hazelcast.core.HazelcastInstance' (OnClassCondition)

   InfinispanCacheConfiguration:
      Did not match:
         - @ConditionalOnClass did not find required class 'org.infinispan.spring.embedded.provider.SpringEmbeddedCacheManager' (OnClassCondition)

   JCacheCacheConfiguration:
      Did not match:
         - @ConditionalOnClass did not find required class 'javax.cache.Caching' (OnClassCondition)

   JpaBaseConfiguration.JpaWebConfiguration:
      Did not match:
         - not a servlet web application (OnWebApplicationCondition)
      Matched:
         - @ConditionalOnClass found required class 'org.springframework.web.servlet.config.annotation.WebMvcConfigurer' (OnClassCondition)

   JpaRepositoriesAutoConfiguration#entityManagerFactoryBootstrapExecutorCustomizer:
      Did not match:
         - AnyNestedCondition 0 matched 2 did not; NestedCondition on JpaRepositoriesAutoConfiguration.BootstrapExecutorCondition.LazyBootstrapMode @ConditionalOnProperty (spring.data.jpa.repositories.bootstrap-mode=lazy) found different value in property 'bootstrap-mode'; NestedCondition on JpaRepositoriesAutoConfiguration.BootstrapExecutorCondition.DeferredBootstrapMode @ConditionalOnProperty (spring.data.jpa.repositories.bootstrap-mode=deferred) found different value in property 'bootstrap-mode' (JpaRepositoriesAutoConfiguration.BootstrapExecutorCondition)

   LiquibaseAutoConfiguration:
      Did not match:
         - @ConditionalOnClass did not find required class 'liquibase.change.DatabaseChange' (OnClassCondition)

   R2dbcInitializationConfiguration:
      Did not match:
         - @ConditionalOnClass did not find required classes 'io.r2dbc.spi.ConnectionFactory', 'org.springframework.r2dbc.connection.init.DatabasePopulator' (OnClassCondition)

   RedisCacheConfiguration:
      Did not match:
         - @ConditionalOnClass did not find required class 'org.springframework.data.redis.connection.RedisConnectionFactory' (OnClassCondition)

   SimpleCacheConfiguration:
      Did not match:
         - Cache org.springframework.boot.autoconfigure.cache.SimpleCacheConfiguration unknown cache type (CacheCondition)

   TestDatabaseAutoConfiguration#dataSource:
      Did not match:
         - @ConditionalOnProperty (spring.test.database.replace=AUTO_CONFIGURED) found different value in property 'replace' (OnPropertyCondition)

   TestDatabaseAutoConfiguration#embeddedDataSourceBeanFactoryPostProcessor:
      Did not match:
         - @ConditionalOnProperty (spring.test.database.replace=ANY) found different value in property 'replace' (OnPropertyCondition)

   TransactionAutoConfiguration#transactionalOperator:
      Did not match:
         - @ConditionalOnSingleCandidate (types: org.springframework.transaction.ReactiveTransactionManager; SearchStrategy: all) did not find any beans (OnBeanCondition)

   TransactionAutoConfiguration.AspectJTransactionManagementConfiguration:
      Did not match:
         - @ConditionalOnBean (types: org.springframework.transaction.aspectj.AbstractTransactionAspect; SearchStrategy: all) did not find any beans of type org.springframework.transaction.aspectj.AbstractTransactionAspect (OnBeanCondition)

   TransactionAutoConfiguration.EnableTransactionManagementConfiguration.JdkDynamicAutoProxyConfiguration:
      Did not match:
         - @ConditionalOnProperty (spring.aop.proxy-target-class=false) did not find property 'proxy-target-class' (OnPropertyCondition)


Exclusions:
-----------

    None


Unconditional classes:
----------------------

    org.springframework.boot.test.autoconfigure.jdbc.TestDatabaseAutoConfiguration



2024-05-02T23:01:04.320-04:00  INFO 912 --- [usuarios] [           main] c.u.u.repository.UserRepositoryTest      : Started UserRepositoryTest in 8.518 seconds (process running for 12.888)
2024-05-02T23:01:04.325-04:00 DEBUG 912 --- [usuarios] [           main] o.s.boot.devtools.restart.Restarter      : Creating new Restarter for thread Thread[#1,main,5,main]
2024-05-02T23:01:04.330-04:00 DEBUG 912 --- [usuarios] [           main] org.springframework.test.context.cache   : Spring test ApplicationContext cache statistics: [DefaultContextCache@2c989d82 size = 1, maxSize = 32, parentContextCount = 0, hitCount = 0, missCount = 1, failureCount = 0]
2024-05-02T23:01:04.335-04:00 DEBUG 912 --- [usuarios] [           main] org.springframework.test.context.cache   : Spring test ApplicationContext cache statistics: [DefaultContextCache@2c989d82 size = 1, maxSize = 32, parentContextCount = 0, hitCount = 1, missCount = 1, failureCount = 0]
2024-05-02T23:01:04.384-04:00 DEBUG 912 --- [usuarios] [           main] sContextBeforeModesTestExecutionListener : Before test method: class [UserRepositoryTest], method [obtenerUsuarioByUsernameTest], class annotated with @DirtiesContext [false] with mode [null], method annotated with @DirtiesContext [false] with mode [null]
2024-05-02T23:01:04.389-04:00 DEBUG 912 --- [usuarios] [           main] t.c.t.TransactionalTestExecutionListener : Explicit transaction definition [PROPAGATION_REQUIRED,ISOLATION_DEFAULT] found for test class [com.users.usuarios.repository.UserRepositoryTest] and test method [obtenerUsuarioByUsernameTest]
2024-05-02T23:01:04.390-04:00 DEBUG 912 --- [usuarios] [           main] org.springframework.test.context.cache   : Spring test ApplicationContext cache statistics: [DefaultContextCache@2c989d82 size = 1, maxSize = 32, parentContextCount = 0, hitCount = 2, missCount = 1, failureCount = 0]
2024-05-02T23:01:04.398-04:00 DEBUG 912 --- [usuarios] [           main] t.c.t.TransactionalTestExecutionListener : No method-level @Rollback override: using default rollback [true] for test method [public void com.users.usuarios.repository.UserRepositoryTest.obtenerUsuarioByUsernameTest()]
2024-05-02T23:01:04.399-04:00 DEBUG 912 --- [usuarios] [           main] o.s.orm.jpa.JpaTransactionManager        : Creating new transaction with name [com.users.usuarios.repository.UserRepositoryTest.obtenerUsuarioByUsernameTest]: PROPAGATION_REQUIRED,ISOLATION_DEFAULT
2024-05-02T23:01:04.400-04:00 DEBUG 912 --- [usuarios] [           main] o.s.orm.jpa.JpaTransactionManager        : Opened new EntityManager [SessionImpl(907561070<open>)] for JPA transaction
2024-05-02T23:01:04.404-04:00 DEBUG 912 --- [usuarios] [           main] o.h.e.t.internal.TransactionImpl         : On TransactionImpl creation, JpaCompliance#isJpaTransactionComplianceEnabled == false
2024-05-02T23:01:04.404-04:00 DEBUG 912 --- [usuarios] [           main] o.h.e.t.internal.TransactionImpl         : begin
2024-05-02T23:01:04.435-04:00 DEBUG 912 --- [usuarios] [           main] o.s.orm.jpa.JpaTransactionManager        : Exposing JPA transaction as JDBC [org.springframework.orm.jpa.vendor.HibernateJpaDialect$HibernateConnectionHandle@190cc39e]
2024-05-02T23:01:04.435-04:00 DEBUG 912 --- [usuarios] [           main] o.s.t.c.transaction.TransactionContext   : Began transaction (1) for test class [com.users.usuarios.repository.UserRepositoryTest]; test method [obtenerUsuarioByUsernameTest]; transaction manager [org.springframework.orm.jpa.JpaTransactionManager@7d836c4a]; rollback [true]
2024-05-02T23:01:04.438-04:00 DEBUG 912 --- [usuarios] [           main] org.springframework.test.context.cache   : Spring test ApplicationContext cache statistics: [DefaultContextCache@2c989d82 size = 1, maxSize = 32, parentContextCount = 0, hitCount = 3, missCount = 1, failureCount = 0]
2024-05-02T23:01:04.438-04:00 DEBUG 912 --- [usuarios] [           main] org.springframework.test.context.cache   : Spring test ApplicationContext cache statistics: [DefaultContextCache@2c989d82 size = 1, maxSize = 32, parentContextCount = 0, hitCount = 4, missCount = 1, failureCount = 0]
2024-05-02T23:01:04.448-04:00 DEBUG 912 --- [usuarios] [           main] org.springframework.test.context.cache   : Spring test ApplicationContext cache statistics: [DefaultContextCache@2c989d82 size = 1, maxSize = 32, parentContextCount = 0, hitCount = 5, missCount = 1, failureCount = 0]
2024-05-02T23:01:04.502-04:00 DEBUG 912 --- [usuarios] [           main] org.springframework.test.context.cache   : Spring test ApplicationContext cache statistics: [DefaultContextCache@2c989d82 size = 1, maxSize = 32, parentContextCount = 0, hitCount = 6, missCount = 1, failureCount = 0]
2024-05-02T23:01:04.504-04:00 DEBUG 912 --- [usuarios] [           main] org.springframework.test.context.cache   : Spring test ApplicationContext cache statistics: [DefaultContextCache@2c989d82 size = 1, maxSize = 32, parentContextCount = 0, hitCount = 7, missCount = 1, failureCount = 0]
2024-05-02T23:01:04.504-04:00 DEBUG 912 --- [usuarios] [           main] org.springframework.test.context.cache   : Spring test ApplicationContext cache statistics: [DefaultContextCache@2c989d82 size = 1, maxSize = 32, parentContextCount = 0, hitCount = 8, missCount = 1, failureCount = 0]
2024-05-02T23:01:04.505-04:00 DEBUG 912 --- [usuarios] [           main] org.springframework.test.context.cache   : Spring test ApplicationContext cache statistics: [DefaultContextCache@2c989d82 size = 1, maxSize = 32, parentContextCount = 0, hitCount = 9, missCount = 1, failureCount = 0]
2024-05-02T23:01:04.506-04:00 DEBUG 912 --- [usuarios] [           main] org.springframework.test.context.cache   : Spring test ApplicationContext cache statistics: [DefaultContextCache@2c989d82 size = 1, maxSize = 32, parentContextCount = 0, hitCount = 10, missCount = 1, failureCount = 0]
2024-05-02T23:01:04.512-04:00 DEBUG 912 --- [usuarios] [           main] org.springframework.test.context.cache   : Spring test ApplicationContext cache statistics: [DefaultContextCache@2c989d82 size = 1, maxSize = 32, parentContextCount = 0, hitCount = 11, missCount = 1, failureCount = 0]
2024-05-02T23:01:04.513-04:00 DEBUG 912 --- [usuarios] [           main] o.s.orm.jpa.JpaTransactionManager        : Initiating transaction rollback
2024-05-02T23:01:04.514-04:00 DEBUG 912 --- [usuarios] [           main] o.s.orm.jpa.JpaTransactionManager        : Rolling back JPA transaction on EntityManager [SessionImpl(907561070<open>)]
2024-05-02T23:01:04.515-04:00 DEBUG 912 --- [usuarios] [           main] o.h.e.t.internal.TransactionImpl         : rolling back
2024-05-02T23:01:04.521-04:00 DEBUG 912 --- [usuarios] [           main] o.s.orm.jpa.JpaTransactionManager        : Closing JPA EntityManager [SessionImpl(907561070<open>)] after transaction
2024-05-02T23:01:04.522-04:00 DEBUG 912 --- [usuarios] [           main] o.s.t.c.transaction.TransactionContext   : Rolled back transaction (1) for test class [com.users.usuarios.repository.UserRepositoryTest]; test method [obtenerUsuarioByUsernameTest]
2024-05-02T23:01:04.522-04:00 DEBUG 912 --- [usuarios] [           main] .c.s.DirtiesContextTestExecutionListener : After test method: class [UserRepositoryTest], method [obtenerUsuarioByUsernameTest], class annotated with @DirtiesContext [false] with mode [null], method annotated with @DirtiesContext [false] with mode [null]
]]></system-out>
    <system-err><![CDATA[WARNING: A Java agent has been loaded dynamically (C:\Users\Fatniel\.m2\repository\net\bytebuddy\byte-buddy-agent\1.14.12\byte-buddy-agent-1.14.12.jar)
WARNING: If a serviceability tool is in use, please run with -XX:+EnableDynamicAgentLoading to hide this warning
WARNING: If a serviceability tool is not in use, please run with -Djdk.instrument.traceUsage for more information
WARNING: Dynamic loading of agents will be disallowed by default in a future release
]]></system-err>
  </testcase>
</testsuite>